[15:25:57] Initializing LaTeX Workshop.
[15:25:57] Creating LaTeX Workshop http and websocket server.
[15:25:57] LaTeX Workshop initialized.
[15:25:58] Server created on 127.0.0.1:34693
[15:25:58] Snippet data loaded.
[15:25:58] LaTeX Workshop version: 7.0.2
[15:25:58] Try root file in root directory: /home/leon/Leons Dokumente/HPI/18_WiSe/BP/Bachelorarbeit/Bachelorarbeit/main.tex
[15:25:58] Parsing /home/leon/Leons Dokumente/HPI/18_WiSe/BP/Bachelorarbeit/Bachelorarbeit/main.tex
[15:25:58] Parsing /home/leon/Leons Dokumente/HPI/18_WiSe/BP/Bachelorarbeit/Bachelorarbeit/Pakete.tex
[15:25:58] Parsing /home/leon/Leons Dokumente/HPI/18_WiSe/BP/Bachelorarbeit/Bachelorarbeit/smalltalkEnv.tex
[15:25:58] Parsing /home/leon/Leons Dokumente/HPI/18_WiSe/BP/Bachelorarbeit/Bachelorarbeit/Befehle.tex
[15:25:58] Parsing /home/leon/Leons Dokumente/HPI/18_WiSe/BP/Bachelorarbeit/Bachelorarbeit/Inhalt/01_Einleitung.tex
[15:25:58] Parsing /home/leon/Leons Dokumente/HPI/18_WiSe/BP/Bachelorarbeit/Bachelorarbeit/Inhalt/02_Motivation.tex
[15:25:58] Parsing /home/leon/Leons Dokumente/HPI/18_WiSe/BP/Bachelorarbeit/Bachelorarbeit/Inhalt/03_Hintergrund.tex
[15:25:58] Parsing /home/leon/Leons Dokumente/HPI/18_WiSe/BP/Bachelorarbeit/Bachelorarbeit/Inhalt/04_Integration.tex
[15:25:58] Parsing /home/leon/Leons Dokumente/HPI/18_WiSe/BP/Bachelorarbeit/Bachelorarbeit/Inhalt/05_Versionierung.tex
[15:25:58] Parsing /home/leon/Leons Dokumente/HPI/18_WiSe/BP/Bachelorarbeit/Bachelorarbeit/Inhalt/05_Serialisierung.tex
[15:25:58] Parsing /home/leon/Leons Dokumente/HPI/18_WiSe/BP/Bachelorarbeit/Bachelorarbeit/Inhalt/xx_Anhang.tex
[15:25:58] Parsing /home/leon/Leons Dokumente/HPI/18_WiSe/BP/Bachelorarbeit/Bachelorarbeit/main.fls to compute dependencies
[15:25:58] Parsing /home/leon/Leons Dokumente/HPI/18_WiSe/BP/Bachelorarbeit/Bachelorarbeit/smalltalkEnv.tex
[15:25:58] Found root file in root directory: /home/leon/Leons Dokumente/HPI/18_WiSe/BP/Bachelorarbeit/Bachelorarbeit/main.tex
[15:25:58] Root file changed from: undefined. Find all dependencies.
[15:25:58] Instantiating a new file watcher for /home/leon/Leons Dokumente/HPI/18_WiSe/BP/Bachelorarbeit/Bachelorarbeit/main.tex
[15:25:58] Parsing /home/leon/Leons Dokumente/HPI/18_WiSe/BP/Bachelorarbeit/Bachelorarbeit/main.tex
[15:25:58] Adding /home/leon/Leons Dokumente/HPI/18_WiSe/BP/Bachelorarbeit/Bachelorarbeit/Pakete.tex to file watcher.
[15:25:58] Parsing /home/leon/Leons Dokumente/HPI/18_WiSe/BP/Bachelorarbeit/Bachelorarbeit/Pakete.tex
[15:25:58] Adding /home/leon/Leons Dokumente/HPI/18_WiSe/BP/Bachelorarbeit/Bachelorarbeit/smalltalkEnv.tex to file watcher.
[15:25:58] Parsing /home/leon/Leons Dokumente/HPI/18_WiSe/BP/Bachelorarbeit/Bachelorarbeit/smalltalkEnv.tex
[15:25:58] Adding /home/leon/Leons Dokumente/HPI/18_WiSe/BP/Bachelorarbeit/Bachelorarbeit/Befehle.tex to file watcher.
[15:25:58] Parsing /home/leon/Leons Dokumente/HPI/18_WiSe/BP/Bachelorarbeit/Bachelorarbeit/Befehle.tex
[15:25:58] Adding /home/leon/Leons Dokumente/HPI/18_WiSe/BP/Bachelorarbeit/Bachelorarbeit/Inhalt/01_Einleitung.tex to file watcher.
[15:25:58] Parsing /home/leon/Leons Dokumente/HPI/18_WiSe/BP/Bachelorarbeit/Bachelorarbeit/Inhalt/01_Einleitung.tex
[15:25:58] Adding /home/leon/Leons Dokumente/HPI/18_WiSe/BP/Bachelorarbeit/Bachelorarbeit/Inhalt/02_Motivation.tex to file watcher.
[15:25:58] Parsing /home/leon/Leons Dokumente/HPI/18_WiSe/BP/Bachelorarbeit/Bachelorarbeit/Inhalt/02_Motivation.tex
[15:25:58] Adding /home/leon/Leons Dokumente/HPI/18_WiSe/BP/Bachelorarbeit/Bachelorarbeit/Inhalt/03_Hintergrund.tex to file watcher.
[15:25:58] Parsing /home/leon/Leons Dokumente/HPI/18_WiSe/BP/Bachelorarbeit/Bachelorarbeit/Inhalt/03_Hintergrund.tex
[15:25:58] Adding /home/leon/Leons Dokumente/HPI/18_WiSe/BP/Bachelorarbeit/Bachelorarbeit/Inhalt/04_Integration.tex to file watcher.
[15:25:58] Parsing /home/leon/Leons Dokumente/HPI/18_WiSe/BP/Bachelorarbeit/Bachelorarbeit/Inhalt/04_Integration.tex
[15:25:58] Adding /home/leon/Leons Dokumente/HPI/18_WiSe/BP/Bachelorarbeit/Bachelorarbeit/Inhalt/05_Versionierung.tex to file watcher.
[15:25:58] Parsing /home/leon/Leons Dokumente/HPI/18_WiSe/BP/Bachelorarbeit/Bachelorarbeit/Inhalt/05_Versionierung.tex
[15:25:58] Adding /home/leon/Leons Dokumente/HPI/18_WiSe/BP/Bachelorarbeit/Bachelorarbeit/Inhalt/05_Serialisierung.tex to file watcher.
[15:25:58] Parsing /home/leon/Leons Dokumente/HPI/18_WiSe/BP/Bachelorarbeit/Bachelorarbeit/Inhalt/05_Serialisierung.tex
[15:25:58] Adding /home/leon/Leons Dokumente/HPI/18_WiSe/BP/Bachelorarbeit/Bachelorarbeit/Inhalt/xx_Anhang.tex to file watcher.
[15:25:58] Parsing /home/leon/Leons Dokumente/HPI/18_WiSe/BP/Bachelorarbeit/Bachelorarbeit/Inhalt/xx_Anhang.tex
[15:25:58] Found .bib file /home/leon/Leons Dokumente/HPI/18_WiSe/BP/Bachelorarbeit/Bachelorarbeit/Bibliographie.bib
[15:25:58] Creating file watcher for .bib files.
[15:25:58] Adding .bib file /home/leon/Leons Dokumente/HPI/18_WiSe/BP/Bachelorarbeit/Bachelorarbeit/Bibliographie.bib to bib file watcher.
[15:25:58] Parsing .bib entries from /home/leon/Leons Dokumente/HPI/18_WiSe/BP/Bachelorarbeit/Bachelorarbeit/Bibliographie.bib
[15:25:58] Parsed 6 .bib entries from /home/leon/Leons Dokumente/HPI/18_WiSe/BP/Bachelorarbeit/Bachelorarbeit/Bibliographie.bib.
[15:25:58] Parsing /home/leon/Leons Dokumente/HPI/18_WiSe/BP/Bachelorarbeit/Bachelorarbeit/main.fls to compute dependencies
[15:25:58] Parsing /home/leon/Leons Dokumente/HPI/18_WiSe/BP/Bachelorarbeit/Bachelorarbeit/smalltalkEnv.tex
[15:25:58] Adding /home/leon/Leons Dokumente/HPI/18_WiSe/BP/Bachelorarbeit/Bachelorarbeit/Ressourcen/filetree/Playground.package/MyClass.class/instance/myInstanceMethod.st to file watcher.
[15:25:58] Adding /usr/share/texmf/fonts/enc/dvips/cm-super/cm-super-t1.enc to file watcher.
[15:25:58] Found .bib file /home/leon/Leons Dokumente/HPI/18_WiSe/BP/Bachelorarbeit/Bachelorarbeit/Bibliographie.bib
[15:25:58] .bib file /home/leon/Leons Dokumente/HPI/18_WiSe/BP/Bachelorarbeit/Bachelorarbeit/Bibliographie.bib is already being watched.
[15:29:21] VIEW command invoked.
[15:29:21] Try root file in root directory: /home/leon/Leons Dokumente/HPI/18_WiSe/BP/Bachelorarbeit/Outline/outline.tex
[15:29:21] Parsing /home/leon/Leons Dokumente/HPI/18_WiSe/BP/Bachelorarbeit/Outline/outline.tex
[15:29:21] Parsing /home/leon/Leons Dokumente/HPI/18_WiSe/BP/Bachelorarbeit/Outline/outline.fls to compute dependencies
[15:29:21] Try root file in root directory: /home/leon/Leons Dokumente/HPI/18_WiSe/BP/Bachelorarbeit/Bachelorarbeit/main.tex
[15:29:21] Parsing /home/leon/Leons Dokumente/HPI/18_WiSe/BP/Bachelorarbeit/Bachelorarbeit/main.tex
[15:29:21] Parsing /home/leon/Leons Dokumente/HPI/18_WiSe/BP/Bachelorarbeit/Bachelorarbeit/main.fls to compute dependencies
[15:29:21] Found root file in root directory: /home/leon/Leons Dokumente/HPI/18_WiSe/BP/Bachelorarbeit/Bachelorarbeit/main.tex
[15:29:21] Root file remains unchanged from: /home/leon/Leons Dokumente/HPI/18_WiSe/BP/Bachelorarbeit/Bachelorarbeit/main.tex.
[15:29:21] Serving PDF file at http://localhost:34693/viewer.html?file=/pdf:%252Fhome%252Fleon%252FLeons%2520Dokumente%252FHPI%252F18_WiSe%252FBP%252FBachelorarbeit%252FBachelorarbeit%252Fmain.pdf
[15:29:21] Open PDF tab for /home/leon/Leons Dokumente/HPI/18_WiSe/BP/Bachelorarbeit/Bachelorarbeit/main.pdf
[15:29:22] Handle data type: open
[15:29:22] Preview PDF file: /home/leon/Leons Dokumente/HPI/18_WiSe/BP/Bachelorarbeit/Bachelorarbeit/main.pdf
[15:29:22] Handle data type: loaded
[16:10:29] Parsing /home/leon/Leons Dokumente/HPI/18_WiSe/BP/Bachelorarbeit/Bachelorarbeit/Inhalt/05_Serialisierung.tex
[16:10:29] File watcher: responding to change in /home/leon/Leons Dokumente/HPI/18_WiSe/BP/Bachelorarbeit/Bachelorarbeit/Inhalt/05_Serialisierung.tex
[16:10:29] /home/leon/Leons Dokumente/HPI/18_WiSe/BP/Bachelorarbeit/Bachelorarbeit/Inhalt/05_Serialisierung.tex changed. Auto build project.
[16:10:29] BUILD command invoked.
[16:10:29] Building root file: /home/leon/Leons Dokumente/HPI/18_WiSe/BP/Bachelorarbeit/Bachelorarbeit/main.tex
[16:10:29] Build root file /home/leon/Leons Dokumente/HPI/18_WiSe/BP/Bachelorarbeit/Bachelorarbeit/main.tex
[16:10:29] Recipe step 1: latexmk, -synctex=1,-interaction=nonstopmode,-file-line-error,-pdf,-outdir=/home/leon/Leons Dokumente/HPI/18_WiSe/BP/Bachelorarbeit/Bachelorarbeit,/home/leon/Leons Dokumente/HPI/18_WiSe/BP/Bachelorarbeit/Bachelorarbeit/main
[16:10:29] LaTeX build process spawned. PID: 1612.
[16:10:32] LaTeX log parsed with 13 messages.
[16:10:32] Recipe of length 1 finished. PID: 1612.
[16:10:32] Successfully built /home/leon/Leons Dokumente/HPI/18_WiSe/BP/Bachelorarbeit/Bachelorarbeit/main.tex.
[16:10:32] Refresh PDF viewer for /home/leon/Leons Dokumente/HPI/18_WiSe/BP/Bachelorarbeit/Bachelorarbeit/main.pdf
[16:10:32] Parsing /home/leon/Leons Dokumente/HPI/18_WiSe/BP/Bachelorarbeit/Bachelorarbeit/main.fls to compute dependencies
[16:10:32] Found .bib file /home/leon/Leons Dokumente/HPI/18_WiSe/BP/Bachelorarbeit/Bachelorarbeit/Bibliographie.bib
[16:10:33] .bib file /home/leon/Leons Dokumente/HPI/18_WiSe/BP/Bachelorarbeit/Bachelorarbeit/Bibliographie.bib is already being watched.
[16:10:33] Handle data type: position
[16:10:33] Preview PDF file: /home/leon/Leons Dokumente/HPI/18_WiSe/BP/Bachelorarbeit/Bachelorarbeit/main.pdf
[16:10:33] Handle data type: loaded
[16:14:37] Parsing /home/leon/Leons Dokumente/HPI/18_WiSe/BP/Bachelorarbeit/Bachelorarbeit/Inhalt/05_Serialisierung.tex
[16:14:37] File watcher: responding to change in /home/leon/Leons Dokumente/HPI/18_WiSe/BP/Bachelorarbeit/Bachelorarbeit/Inhalt/05_Serialisierung.tex
[16:14:37] /home/leon/Leons Dokumente/HPI/18_WiSe/BP/Bachelorarbeit/Bachelorarbeit/Inhalt/05_Serialisierung.tex changed. Auto build project.
[16:14:37] BUILD command invoked.
[16:14:37] Building root file: /home/leon/Leons Dokumente/HPI/18_WiSe/BP/Bachelorarbeit/Bachelorarbeit/main.tex
[16:14:37] Build root file /home/leon/Leons Dokumente/HPI/18_WiSe/BP/Bachelorarbeit/Bachelorarbeit/main.tex
[16:14:37] Recipe step 1: latexmk, -synctex=1,-interaction=nonstopmode,-file-line-error,-pdf,-outdir=/home/leon/Leons Dokumente/HPI/18_WiSe/BP/Bachelorarbeit/Bachelorarbeit,/home/leon/Leons Dokumente/HPI/18_WiSe/BP/Bachelorarbeit/Bachelorarbeit/main
[16:14:37] LaTeX build process spawned. PID: 3679.
[16:14:40] LaTeX log parsed with 13 messages.
[16:14:40] Recipe of length 1 finished. PID: 3679.
[16:14:40] Successfully built /home/leon/Leons Dokumente/HPI/18_WiSe/BP/Bachelorarbeit/Bachelorarbeit/main.tex.
[16:14:40] Refresh PDF viewer for /home/leon/Leons Dokumente/HPI/18_WiSe/BP/Bachelorarbeit/Bachelorarbeit/main.pdf
[16:14:40] Parsing /home/leon/Leons Dokumente/HPI/18_WiSe/BP/Bachelorarbeit/Bachelorarbeit/main.fls to compute dependencies
[16:14:40] Found .bib file /home/leon/Leons Dokumente/HPI/18_WiSe/BP/Bachelorarbeit/Bachelorarbeit/Bibliographie.bib
[16:14:40] .bib file /home/leon/Leons Dokumente/HPI/18_WiSe/BP/Bachelorarbeit/Bachelorarbeit/Bibliographie.bib is already being watched.
[16:14:40] Handle data type: position
[16:14:40] Preview PDF file: /home/leon/Leons Dokumente/HPI/18_WiSe/BP/Bachelorarbeit/Bachelorarbeit/main.pdf
[16:14:40] Handle data type: loaded
[16:17:04] Parsing /home/leon/Leons Dokumente/HPI/18_WiSe/BP/Bachelorarbeit/Bachelorarbeit/Inhalt/05_Serialisierung.tex
[16:17:04] File watcher: responding to change in /home/leon/Leons Dokumente/HPI/18_WiSe/BP/Bachelorarbeit/Bachelorarbeit/Inhalt/05_Serialisierung.tex
[16:17:04] /home/leon/Leons Dokumente/HPI/18_WiSe/BP/Bachelorarbeit/Bachelorarbeit/Inhalt/05_Serialisierung.tex changed. Auto build project.
[16:17:04] BUILD command invoked.
[16:17:04] Building root file: /home/leon/Leons Dokumente/HPI/18_WiSe/BP/Bachelorarbeit/Bachelorarbeit/main.tex
[16:17:04] Build root file /home/leon/Leons Dokumente/HPI/18_WiSe/BP/Bachelorarbeit/Bachelorarbeit/main.tex
[16:17:04] Recipe step 1: latexmk, -synctex=1,-interaction=nonstopmode,-file-line-error,-pdf,-outdir=/home/leon/Leons Dokumente/HPI/18_WiSe/BP/Bachelorarbeit/Bachelorarbeit,/home/leon/Leons Dokumente/HPI/18_WiSe/BP/Bachelorarbeit/Bachelorarbeit/main
[16:17:04] LaTeX build process spawned. PID: 4941.
[16:17:06] LaTeX log parsed with 13 messages.
[16:17:06] Recipe of length 1 finished. PID: 4941.
[16:17:06] Successfully built /home/leon/Leons Dokumente/HPI/18_WiSe/BP/Bachelorarbeit/Bachelorarbeit/main.tex.
[16:17:06] Refresh PDF viewer for /home/leon/Leons Dokumente/HPI/18_WiSe/BP/Bachelorarbeit/Bachelorarbeit/main.pdf
[16:17:06] Parsing /home/leon/Leons Dokumente/HPI/18_WiSe/BP/Bachelorarbeit/Bachelorarbeit/main.fls to compute dependencies
[16:17:06] Found .bib file /home/leon/Leons Dokumente/HPI/18_WiSe/BP/Bachelorarbeit/Bachelorarbeit/Bibliographie.bib
[16:17:06] .bib file /home/leon/Leons Dokumente/HPI/18_WiSe/BP/Bachelorarbeit/Bachelorarbeit/Bibliographie.bib is already being watched.
[16:17:06] Handle data type: position
[16:17:06] Preview PDF file: /home/leon/Leons Dokumente/HPI/18_WiSe/BP/Bachelorarbeit/Bachelorarbeit/main.pdf
[16:17:06] Handle data type: loaded
[16:34:11] Parsing /home/leon/Leons Dokumente/HPI/18_WiSe/BP/Bachelorarbeit/Bachelorarbeit/Inhalt/05_Serialisierung.tex
[16:34:11] File watcher: responding to change in /home/leon/Leons Dokumente/HPI/18_WiSe/BP/Bachelorarbeit/Bachelorarbeit/Inhalt/05_Serialisierung.tex
[16:34:11] /home/leon/Leons Dokumente/HPI/18_WiSe/BP/Bachelorarbeit/Bachelorarbeit/Inhalt/05_Serialisierung.tex changed. Auto build project.
[16:34:11] BUILD command invoked.
[16:34:11] Building root file: /home/leon/Leons Dokumente/HPI/18_WiSe/BP/Bachelorarbeit/Bachelorarbeit/main.tex
[16:34:11] Build root file /home/leon/Leons Dokumente/HPI/18_WiSe/BP/Bachelorarbeit/Bachelorarbeit/main.tex
[16:34:11] Recipe step 1: latexmk, -synctex=1,-interaction=nonstopmode,-file-line-error,-pdf,-outdir=/home/leon/Leons Dokumente/HPI/18_WiSe/BP/Bachelorarbeit/Bachelorarbeit,/home/leon/Leons Dokumente/HPI/18_WiSe/BP/Bachelorarbeit/Bachelorarbeit/main
[16:34:11] LaTeX build process spawned. PID: 13792.
[16:34:14] LaTeX log parsed with 13 messages.
[16:34:14] Recipe of length 1 finished. PID: 13792.
[16:34:14] Successfully built /home/leon/Leons Dokumente/HPI/18_WiSe/BP/Bachelorarbeit/Bachelorarbeit/main.tex.
[16:34:14] Refresh PDF viewer for /home/leon/Leons Dokumente/HPI/18_WiSe/BP/Bachelorarbeit/Bachelorarbeit/main.pdf
[16:34:14] Parsing /home/leon/Leons Dokumente/HPI/18_WiSe/BP/Bachelorarbeit/Bachelorarbeit/main.fls to compute dependencies
[16:34:14] Found .bib file /home/leon/Leons Dokumente/HPI/18_WiSe/BP/Bachelorarbeit/Bachelorarbeit/Bibliographie.bib
[16:34:14] .bib file /home/leon/Leons Dokumente/HPI/18_WiSe/BP/Bachelorarbeit/Bachelorarbeit/Bibliographie.bib is already being watched.
[16:34:14] Handle data type: position
[16:34:14] Preview PDF file: /home/leon/Leons Dokumente/HPI/18_WiSe/BP/Bachelorarbeit/Bachelorarbeit/main.pdf
[16:34:14] Handle data type: loaded
[16:36:05] Parsing /home/leon/Leons Dokumente/HPI/18_WiSe/BP/Bachelorarbeit/Bachelorarbeit/Inhalt/05_Serialisierung.tex
[16:36:05] File watcher: responding to change in /home/leon/Leons Dokumente/HPI/18_WiSe/BP/Bachelorarbeit/Bachelorarbeit/Inhalt/05_Serialisierung.tex
[16:36:05] /home/leon/Leons Dokumente/HPI/18_WiSe/BP/Bachelorarbeit/Bachelorarbeit/Inhalt/05_Serialisierung.tex changed. Auto build project.
[16:36:05] BUILD command invoked.
[16:36:05] Building root file: /home/leon/Leons Dokumente/HPI/18_WiSe/BP/Bachelorarbeit/Bachelorarbeit/main.tex
[16:36:05] Build root file /home/leon/Leons Dokumente/HPI/18_WiSe/BP/Bachelorarbeit/Bachelorarbeit/main.tex
[16:36:05] Recipe step 1: latexmk, -synctex=1,-interaction=nonstopmode,-file-line-error,-pdf,-outdir=/home/leon/Leons Dokumente/HPI/18_WiSe/BP/Bachelorarbeit/Bachelorarbeit,/home/leon/Leons Dokumente/HPI/18_WiSe/BP/Bachelorarbeit/Bachelorarbeit/main
[16:36:05] LaTeX build process spawned. PID: 14742.
[16:36:06] LaTeX log parsed with 14 messages.
[16:36:06] Recipe of length 1 finished. PID: 14742.
[16:36:06] Successfully built /home/leon/Leons Dokumente/HPI/18_WiSe/BP/Bachelorarbeit/Bachelorarbeit/main.tex.
[16:36:06] Refresh PDF viewer for /home/leon/Leons Dokumente/HPI/18_WiSe/BP/Bachelorarbeit/Bachelorarbeit/main.pdf
[16:36:06] Parsing /home/leon/Leons Dokumente/HPI/18_WiSe/BP/Bachelorarbeit/Bachelorarbeit/main.fls to compute dependencies
[16:36:06] Found .bib file /home/leon/Leons Dokumente/HPI/18_WiSe/BP/Bachelorarbeit/Bachelorarbeit/Bibliographie.bib
[16:36:06] .bib file /home/leon/Leons Dokumente/HPI/18_WiSe/BP/Bachelorarbeit/Bachelorarbeit/Bibliographie.bib is already being watched.
[16:36:06] Handle data type: position
[16:36:06] Preview PDF file: /home/leon/Leons Dokumente/HPI/18_WiSe/BP/Bachelorarbeit/Bachelorarbeit/main.pdf
[16:36:06] Handle data type: loaded
[16:36:21] Parsing /home/leon/Leons Dokumente/HPI/18_WiSe/BP/Bachelorarbeit/Bachelorarbeit/Inhalt/05_Serialisierung.tex
[16:36:21] File watcher: responding to change in /home/leon/Leons Dokumente/HPI/18_WiSe/BP/Bachelorarbeit/Bachelorarbeit/Inhalt/05_Serialisierung.tex
[16:36:21] /home/leon/Leons Dokumente/HPI/18_WiSe/BP/Bachelorarbeit/Bachelorarbeit/Inhalt/05_Serialisierung.tex changed. Auto build project.
[16:36:21] BUILD command invoked.
[16:36:21] Building root file: /home/leon/Leons Dokumente/HPI/18_WiSe/BP/Bachelorarbeit/Bachelorarbeit/main.tex
[16:36:21] Build root file /home/leon/Leons Dokumente/HPI/18_WiSe/BP/Bachelorarbeit/Bachelorarbeit/main.tex
[16:36:21] Recipe step 1: latexmk, -synctex=1,-interaction=nonstopmode,-file-line-error,-pdf,-outdir=/home/leon/Leons Dokumente/HPI/18_WiSe/BP/Bachelorarbeit/Bachelorarbeit,/home/leon/Leons Dokumente/HPI/18_WiSe/BP/Bachelorarbeit/Bachelorarbeit/main
[16:36:21] LaTeX build process spawned. PID: 14883.
[16:36:22] LaTeX log parsed with 14 messages.
[16:36:22] Recipe of length 1 finished. PID: 14883.
[16:36:22] Successfully built /home/leon/Leons Dokumente/HPI/18_WiSe/BP/Bachelorarbeit/Bachelorarbeit/main.tex.
[16:36:22] Refresh PDF viewer for /home/leon/Leons Dokumente/HPI/18_WiSe/BP/Bachelorarbeit/Bachelorarbeit/main.pdf
[16:36:22] Parsing /home/leon/Leons Dokumente/HPI/18_WiSe/BP/Bachelorarbeit/Bachelorarbeit/main.fls to compute dependencies
[16:36:22] Found .bib file /home/leon/Leons Dokumente/HPI/18_WiSe/BP/Bachelorarbeit/Bachelorarbeit/Bibliographie.bib
[16:36:22] .bib file /home/leon/Leons Dokumente/HPI/18_WiSe/BP/Bachelorarbeit/Bachelorarbeit/Bibliographie.bib is already being watched.
[16:36:22] Handle data type: position
[16:36:22] Preview PDF file: /home/leon/Leons Dokumente/HPI/18_WiSe/BP/Bachelorarbeit/Bachelorarbeit/main.pdf
[16:36:22] Handle data type: loaded
[16:36:39] Parsing /home/leon/Leons Dokumente/HPI/18_WiSe/BP/Bachelorarbeit/Bachelorarbeit/Inhalt/05_Serialisierung.tex
[16:36:39] File watcher: responding to change in /home/leon/Leons Dokumente/HPI/18_WiSe/BP/Bachelorarbeit/Bachelorarbeit/Inhalt/05_Serialisierung.tex
[16:36:39] /home/leon/Leons Dokumente/HPI/18_WiSe/BP/Bachelorarbeit/Bachelorarbeit/Inhalt/05_Serialisierung.tex changed. Auto build project.
[16:36:39] BUILD command invoked.
[16:36:39] Building root file: /home/leon/Leons Dokumente/HPI/18_WiSe/BP/Bachelorarbeit/Bachelorarbeit/main.tex
[16:36:39] Build root file /home/leon/Leons Dokumente/HPI/18_WiSe/BP/Bachelorarbeit/Bachelorarbeit/main.tex
[16:36:39] Recipe step 1: latexmk, -synctex=1,-interaction=nonstopmode,-file-line-error,-pdf,-outdir=/home/leon/Leons Dokumente/HPI/18_WiSe/BP/Bachelorarbeit/Bachelorarbeit,/home/leon/Leons Dokumente/HPI/18_WiSe/BP/Bachelorarbeit/Bachelorarbeit/main
[16:36:39] LaTeX build process spawned. PID: 15014.
[16:36:40] LaTeX log parsed with 14 messages.
[16:36:40] Recipe of length 1 finished. PID: 15014.
[16:36:40] Successfully built /home/leon/Leons Dokumente/HPI/18_WiSe/BP/Bachelorarbeit/Bachelorarbeit/main.tex.
[16:36:40] Refresh PDF viewer for /home/leon/Leons Dokumente/HPI/18_WiSe/BP/Bachelorarbeit/Bachelorarbeit/main.pdf
[16:36:41] Parsing /home/leon/Leons Dokumente/HPI/18_WiSe/BP/Bachelorarbeit/Bachelorarbeit/main.fls to compute dependencies
[16:36:41] Found .bib file /home/leon/Leons Dokumente/HPI/18_WiSe/BP/Bachelorarbeit/Bachelorarbeit/Bibliographie.bib
[16:36:41] .bib file /home/leon/Leons Dokumente/HPI/18_WiSe/BP/Bachelorarbeit/Bachelorarbeit/Bibliographie.bib is already being watched.
[16:36:41] Handle data type: position
[16:36:41] Preview PDF file: /home/leon/Leons Dokumente/HPI/18_WiSe/BP/Bachelorarbeit/Bachelorarbeit/main.pdf
[16:36:41] Handle data type: loaded
[16:52:44] Parsing /home/leon/Leons Dokumente/HPI/18_WiSe/BP/Bachelorarbeit/Bachelorarbeit/Inhalt/05_Serialisierung.tex
[16:52:44] File watcher: responding to change in /home/leon/Leons Dokumente/HPI/18_WiSe/BP/Bachelorarbeit/Bachelorarbeit/Inhalt/05_Serialisierung.tex
[16:52:44] /home/leon/Leons Dokumente/HPI/18_WiSe/BP/Bachelorarbeit/Bachelorarbeit/Inhalt/05_Serialisierung.tex changed. Auto build project.
[16:52:44] BUILD command invoked.
[16:52:44] Building root file: /home/leon/Leons Dokumente/HPI/18_WiSe/BP/Bachelorarbeit/Bachelorarbeit/main.tex
[16:52:44] Build root file /home/leon/Leons Dokumente/HPI/18_WiSe/BP/Bachelorarbeit/Bachelorarbeit/main.tex
[16:52:44] Recipe step 1: latexmk, -synctex=1,-interaction=nonstopmode,-file-line-error,-pdf,-outdir=/home/leon/Leons Dokumente/HPI/18_WiSe/BP/Bachelorarbeit/Bachelorarbeit,/home/leon/Leons Dokumente/HPI/18_WiSe/BP/Bachelorarbeit/Bachelorarbeit/main
[16:52:44] LaTeX build process spawned. PID: 22539.
[16:52:47] LaTeX log parsed with 14 messages.
[16:52:47] Recipe of length 1 finished. PID: 22539.
[16:52:47] Successfully built /home/leon/Leons Dokumente/HPI/18_WiSe/BP/Bachelorarbeit/Bachelorarbeit/main.tex.
[16:52:47] Refresh PDF viewer for /home/leon/Leons Dokumente/HPI/18_WiSe/BP/Bachelorarbeit/Bachelorarbeit/main.pdf
[16:52:47] Parsing /home/leon/Leons Dokumente/HPI/18_WiSe/BP/Bachelorarbeit/Bachelorarbeit/main.fls to compute dependencies
[16:52:47] Found .bib file /home/leon/Leons Dokumente/HPI/18_WiSe/BP/Bachelorarbeit/Bachelorarbeit/Bibliographie.bib
[16:52:47] .bib file /home/leon/Leons Dokumente/HPI/18_WiSe/BP/Bachelorarbeit/Bachelorarbeit/Bibliographie.bib is already being watched.
[16:52:47] Handle data type: position
[16:52:47] Preview PDF file: /home/leon/Leons Dokumente/HPI/18_WiSe/BP/Bachelorarbeit/Bachelorarbeit/main.pdf
[16:52:47] Handle data type: loaded
