[2019-06-24 10:22:49.512] [renderer1] [error] Error: Error: ENOENT: no such file or directory, stat '/home/leon/.local/share/gnome-shell/extensions/dockeverything@daase.net/.vscode'
[2019-06-24 10:35:33.512] [renderer1] [error] Data tree node not found: [object Object]: Error: Data tree node not found: [object Object]
    at Y.getDataNode (file:///snap/code/9/usr/share/code/resources/app/out/vs/workbench/workbench.main.js:963:433)
    at Y.updateWidth (file:///snap/code/9/usr/share/code/resources/app/out/vs/workbench/workbench.main.js:961:270)
    at e.s.instantiationService.createInstance.e [as updateWidth] (file:///snap/code/9/usr/share/code/resources/app/out/vs/workbench/workbench.main.js:5301:532)
    at i.elementDisposable.i.label.onDidRender (file:///snap/code/9/usr/share/code/resources/app/out/vs/workbench/workbench.main.js:5285:607)
    at d.fire (file:///snap/code/9/usr/share/code/resources/app/out/vs/workbench/workbench.main.js:77:983)
    at D.render (file:///snap/code/9/usr/share/code/resources/app/out/vs/workbench/workbench.main.js:4424:576)
    at D.notifyFileDecorationsChanges (file:///snap/code/9/usr/share/code/resources/app/out/vs/workbench/workbench.main.js:4421:569)
    at _widgets.forEach.t (file:///snap/code/9/usr/share/code/resources/app/out/vs/workbench/workbench.main.js:4418:744)
    at Array.forEach (<anonymous>)
    at _register.decorationsService.onDidChangeDecorations.e (file:///snap/code/9/usr/share/code/resources/app/out/vs/workbench/workbench.main.js:4418:731)
    at e (file:///snap/code/9/usr/share/code/resources/app/out/vs/workbench/workbench.main.js:74:369)
    at d.fire (file:///snap/code/9/usr/share/code/resources/app/out/vs/workbench/workbench.main.js:77:983)
    at setTimeout (file:///snap/code/9/usr/share/code/resources/app/out/vs/workbench/workbench.main.js:74:652)
[2019-06-24 10:38:29.960] [renderer1] [error] Data tree node not found: [object Object]: Error: Data tree node not found: [object Object]
    at Y.getDataNode (file:///snap/code/9/usr/share/code/resources/app/out/vs/workbench/workbench.main.js:963:433)
    at Y.updateWidth (file:///snap/code/9/usr/share/code/resources/app/out/vs/workbench/workbench.main.js:961:270)
    at e.s.instantiationService.createInstance.e [as updateWidth] (file:///snap/code/9/usr/share/code/resources/app/out/vs/workbench/workbench.main.js:5301:532)
    at i.elementDisposable.i.label.onDidRender (file:///snap/code/9/usr/share/code/resources/app/out/vs/workbench/workbench.main.js:5285:607)
    at d.fire (file:///snap/code/9/usr/share/code/resources/app/out/vs/workbench/workbench.main.js:77:983)
    at D.render (file:///snap/code/9/usr/share/code/resources/app/out/vs/workbench/workbench.main.js:4424:576)
    at D.notifyFileDecorationsChanges (file:///snap/code/9/usr/share/code/resources/app/out/vs/workbench/workbench.main.js:4421:569)
    at _widgets.forEach.t (file:///snap/code/9/usr/share/code/resources/app/out/vs/workbench/workbench.main.js:4418:744)
    at Array.forEach (<anonymous>)
    at _register.decorationsService.onDidChangeDecorations.e (file:///snap/code/9/usr/share/code/resources/app/out/vs/workbench/workbench.main.js:4418:731)
    at e (file:///snap/code/9/usr/share/code/resources/app/out/vs/workbench/workbench.main.js:74:369)
    at d.fire (file:///snap/code/9/usr/share/code/resources/app/out/vs/workbench/workbench.main.js:77:983)
    at setTimeout (file:///snap/code/9/usr/share/code/resources/app/out/vs/workbench/workbench.main.js:74:652)
