[09:39:20] Initializing LaTeX Workshop.
[09:39:20] Creating LaTeX Workshop http and websocket server.
[09:39:20] LaTeX Workshop initialized.
[09:39:21] Server created on 127.0.0.1:42557
[09:39:21] Snippet data loaded.
[09:39:21] LaTeX Workshop version: 7.0.2
[09:39:21] Try root file in root directory: /media/leon/Windows/Documents and Settings/Leon/My Documents/Leons Dokumente/HPI/18_WiSe/BP/Bachelorarbeit/Outline/outline.tex
[09:39:21] Parsing /media/leon/Windows/Documents and Settings/Leon/My Documents/Leons Dokumente/HPI/18_WiSe/BP/Bachelorarbeit/Outline/outline.tex
[09:39:21] Parsing /media/leon/Windows/Documents and Settings/Leon/My Documents/Leons Dokumente/HPI/18_WiSe/BP/Bachelorarbeit/Outline/outline.fls to compute dependencies
[09:39:21] Try root file in root directory: /media/leon/Windows/Documents and Settings/Leon/My Documents/Leons Dokumente/HPI/18_WiSe/BP/Bachelorarbeit/Bachelorarbeit/main.tex
[09:39:21] Parsing /media/leon/Windows/Documents and Settings/Leon/My Documents/Leons Dokumente/HPI/18_WiSe/BP/Bachelorarbeit/Bachelorarbeit/main.tex
[09:39:21] Parsing /media/leon/Windows/Documents and Settings/Leon/My Documents/Leons Dokumente/HPI/18_WiSe/BP/Bachelorarbeit/Bachelorarbeit/Pakete.tex
[09:39:21] Parsing /media/leon/Windows/Documents and Settings/Leon/My Documents/Leons Dokumente/HPI/18_WiSe/BP/Bachelorarbeit/Bachelorarbeit/smalltalkEnv.tex
[09:39:21] Parsing /media/leon/Windows/Documents and Settings/Leon/My Documents/Leons Dokumente/HPI/18_WiSe/BP/Bachelorarbeit/Bachelorarbeit/Befehle.tex
[09:39:21] Parsing /media/leon/Windows/Documents and Settings/Leon/My Documents/Leons Dokumente/HPI/18_WiSe/BP/Bachelorarbeit/Bachelorarbeit/Inhalt/01_Einleitung.tex
[09:39:21] Parsing /media/leon/Windows/Documents and Settings/Leon/My Documents/Leons Dokumente/HPI/18_WiSe/BP/Bachelorarbeit/Bachelorarbeit/Inhalt/02_Motivation.tex
[09:39:21] Parsing /media/leon/Windows/Documents and Settings/Leon/My Documents/Leons Dokumente/HPI/18_WiSe/BP/Bachelorarbeit/Bachelorarbeit/Inhalt/03_Hintergrund.tex
[09:39:21] Parsing /media/leon/Windows/Documents and Settings/Leon/My Documents/Leons Dokumente/HPI/18_WiSe/BP/Bachelorarbeit/Bachelorarbeit/Inhalt/04_Integration.tex
[09:39:21] Parsing /media/leon/Windows/Documents and Settings/Leon/My Documents/Leons Dokumente/HPI/18_WiSe/BP/Bachelorarbeit/Bachelorarbeit/Inhalt/05_Versionierung.tex
[09:39:21] Parsing /media/leon/Windows/Documents and Settings/Leon/My Documents/Leons Dokumente/HPI/18_WiSe/BP/Bachelorarbeit/Bachelorarbeit/Inhalt/05_Serialisierung.tex
[09:39:21] Parsing /media/leon/Windows/Documents and Settings/Leon/My Documents/Leons Dokumente/HPI/18_WiSe/BP/Bachelorarbeit/Bachelorarbeit/Inhalt/xx_Anhang.tex
[09:39:21] Parsing /media/leon/Windows/Documents and Settings/Leon/My Documents/Leons Dokumente/HPI/18_WiSe/BP/Bachelorarbeit/Bachelorarbeit/main.fls to compute dependencies
[09:39:21] Parsing /media/leon/Windows/Documents and Settings/Leon/My Documents/Leons Dokumente/HPI/18_WiSe/BP/Bachelorarbeit/Bachelorarbeit/smalltalkEnv.tex
[09:39:21] Found root file in root directory: /media/leon/Windows/Documents and Settings/Leon/My Documents/Leons Dokumente/HPI/18_WiSe/BP/Bachelorarbeit/Bachelorarbeit/main.tex
[09:39:21] Root file changed from: undefined. Find all dependencies.
[09:39:21] Instantiating a new file watcher for /media/leon/Windows/Documents and Settings/Leon/My Documents/Leons Dokumente/HPI/18_WiSe/BP/Bachelorarbeit/Bachelorarbeit/main.tex
[09:39:21] Parsing /media/leon/Windows/Documents and Settings/Leon/My Documents/Leons Dokumente/HPI/18_WiSe/BP/Bachelorarbeit/Bachelorarbeit/main.tex
[09:39:21] Adding /media/leon/Windows/Documents and Settings/Leon/My Documents/Leons Dokumente/HPI/18_WiSe/BP/Bachelorarbeit/Bachelorarbeit/Pakete.tex to file watcher.
[09:39:22] Parsing /media/leon/Windows/Documents and Settings/Leon/My Documents/Leons Dokumente/HPI/18_WiSe/BP/Bachelorarbeit/Bachelorarbeit/Pakete.tex
[09:39:22] Adding /media/leon/Windows/Documents and Settings/Leon/My Documents/Leons Dokumente/HPI/18_WiSe/BP/Bachelorarbeit/Bachelorarbeit/smalltalkEnv.tex to file watcher.
[09:39:22] Parsing /media/leon/Windows/Documents and Settings/Leon/My Documents/Leons Dokumente/HPI/18_WiSe/BP/Bachelorarbeit/Bachelorarbeit/smalltalkEnv.tex
[09:39:22] Adding /media/leon/Windows/Documents and Settings/Leon/My Documents/Leons Dokumente/HPI/18_WiSe/BP/Bachelorarbeit/Bachelorarbeit/Befehle.tex to file watcher.
[09:39:22] Parsing /media/leon/Windows/Documents and Settings/Leon/My Documents/Leons Dokumente/HPI/18_WiSe/BP/Bachelorarbeit/Bachelorarbeit/Befehle.tex
[09:39:22] Adding /media/leon/Windows/Documents and Settings/Leon/My Documents/Leons Dokumente/HPI/18_WiSe/BP/Bachelorarbeit/Bachelorarbeit/Inhalt/01_Einleitung.tex to file watcher.
[09:39:22] Parsing /media/leon/Windows/Documents and Settings/Leon/My Documents/Leons Dokumente/HPI/18_WiSe/BP/Bachelorarbeit/Bachelorarbeit/Inhalt/01_Einleitung.tex
[09:39:22] Adding /media/leon/Windows/Documents and Settings/Leon/My Documents/Leons Dokumente/HPI/18_WiSe/BP/Bachelorarbeit/Bachelorarbeit/Inhalt/02_Motivation.tex to file watcher.
[09:39:22] Parsing /media/leon/Windows/Documents and Settings/Leon/My Documents/Leons Dokumente/HPI/18_WiSe/BP/Bachelorarbeit/Bachelorarbeit/Inhalt/02_Motivation.tex
[09:39:22] Adding /media/leon/Windows/Documents and Settings/Leon/My Documents/Leons Dokumente/HPI/18_WiSe/BP/Bachelorarbeit/Bachelorarbeit/Inhalt/03_Hintergrund.tex to file watcher.
[09:39:22] Parsing /media/leon/Windows/Documents and Settings/Leon/My Documents/Leons Dokumente/HPI/18_WiSe/BP/Bachelorarbeit/Bachelorarbeit/Inhalt/03_Hintergrund.tex
[09:39:22] Adding /media/leon/Windows/Documents and Settings/Leon/My Documents/Leons Dokumente/HPI/18_WiSe/BP/Bachelorarbeit/Bachelorarbeit/Inhalt/04_Integration.tex to file watcher.
[09:39:22] Parsing /media/leon/Windows/Documents and Settings/Leon/My Documents/Leons Dokumente/HPI/18_WiSe/BP/Bachelorarbeit/Bachelorarbeit/Inhalt/04_Integration.tex
[09:39:22] Adding /media/leon/Windows/Documents and Settings/Leon/My Documents/Leons Dokumente/HPI/18_WiSe/BP/Bachelorarbeit/Bachelorarbeit/Inhalt/05_Versionierung.tex to file watcher.
[09:39:22] Parsing /media/leon/Windows/Documents and Settings/Leon/My Documents/Leons Dokumente/HPI/18_WiSe/BP/Bachelorarbeit/Bachelorarbeit/Inhalt/05_Versionierung.tex
[09:39:22] Adding /media/leon/Windows/Documents and Settings/Leon/My Documents/Leons Dokumente/HPI/18_WiSe/BP/Bachelorarbeit/Bachelorarbeit/Inhalt/05_Serialisierung.tex to file watcher.
[09:39:22] Parsing /media/leon/Windows/Documents and Settings/Leon/My Documents/Leons Dokumente/HPI/18_WiSe/BP/Bachelorarbeit/Bachelorarbeit/Inhalt/05_Serialisierung.tex
[09:39:22] Adding /media/leon/Windows/Documents and Settings/Leon/My Documents/Leons Dokumente/HPI/18_WiSe/BP/Bachelorarbeit/Bachelorarbeit/Inhalt/xx_Anhang.tex to file watcher.
[09:39:22] Parsing /media/leon/Windows/Documents and Settings/Leon/My Documents/Leons Dokumente/HPI/18_WiSe/BP/Bachelorarbeit/Bachelorarbeit/Inhalt/xx_Anhang.tex
[09:39:22] Found .bib file /media/leon/Windows/Documents and Settings/Leon/My Documents/Leons Dokumente/HPI/18_WiSe/BP/Bachelorarbeit/Bachelorarbeit/Bibliographie.bib
[09:39:22] Creating file watcher for .bib files.
[09:39:22] Adding .bib file /media/leon/Windows/Documents and Settings/Leon/My Documents/Leons Dokumente/HPI/18_WiSe/BP/Bachelorarbeit/Bachelorarbeit/Bibliographie.bib to bib file watcher.
[09:39:22] Parsing .bib entries from /media/leon/Windows/Documents and Settings/Leon/My Documents/Leons Dokumente/HPI/18_WiSe/BP/Bachelorarbeit/Bachelorarbeit/Bibliographie.bib
[09:39:22] Parsed 6 .bib entries from /media/leon/Windows/Documents and Settings/Leon/My Documents/Leons Dokumente/HPI/18_WiSe/BP/Bachelorarbeit/Bachelorarbeit/Bibliographie.bib.
[09:39:22] Parsing /media/leon/Windows/Documents and Settings/Leon/My Documents/Leons Dokumente/HPI/18_WiSe/BP/Bachelorarbeit/Bachelorarbeit/main.fls to compute dependencies
[09:39:22] Parsing /media/leon/Windows/Documents and Settings/Leon/My Documents/Leons Dokumente/HPI/18_WiSe/BP/Bachelorarbeit/Bachelorarbeit/smalltalkEnv.tex
[09:39:22] Adding /media/leon/Windows/Documents and Settings/Leon/My Documents/Leons Dokumente/HPI/18_WiSe/BP/Bachelorarbeit/Bachelorarbeit/Ressourcen/filetree/Playground.package/MyClass.class/instance/myInstanceMethod.st to file watcher.
[09:39:22] Adding /usr/share/texmf/fonts/enc/dvips/cm-super/cm-super-t1.enc to file watcher.
[09:39:22] Found .bib file /media/leon/Windows/Documents and Settings/Leon/My Documents/Leons Dokumente/HPI/18_WiSe/BP/Bachelorarbeit/Bachelorarbeit/Bibliographie.bib
[09:39:22] .bib file /media/leon/Windows/Documents and Settings/Leon/My Documents/Leons Dokumente/HPI/18_WiSe/BP/Bachelorarbeit/Bachelorarbeit/Bibliographie.bib is already being watched.
[09:41:34] VIEW command invoked.
[09:41:34] Try root file in root directory: /media/leon/Windows/Documents and Settings/Leon/My Documents/Leons Dokumente/HPI/18_WiSe/BP/Bachelorarbeit/Bachelorarbeit/main.tex
[09:41:34] Parsing /media/leon/Windows/Documents and Settings/Leon/My Documents/Leons Dokumente/HPI/18_WiSe/BP/Bachelorarbeit/Bachelorarbeit/main.tex
[09:41:34] Parsing /media/leon/Windows/Documents and Settings/Leon/My Documents/Leons Dokumente/HPI/18_WiSe/BP/Bachelorarbeit/Bachelorarbeit/main.fls to compute dependencies
[09:41:34] Found root file in root directory: /media/leon/Windows/Documents and Settings/Leon/My Documents/Leons Dokumente/HPI/18_WiSe/BP/Bachelorarbeit/Bachelorarbeit/main.tex
[09:41:34] Root file remains unchanged from: /media/leon/Windows/Documents and Settings/Leon/My Documents/Leons Dokumente/HPI/18_WiSe/BP/Bachelorarbeit/Bachelorarbeit/main.tex.
[09:41:34] Serving PDF file at http://localhost:42557/viewer.html?file=/pdf:%252Fmedia%252Fleon%252FWindows%252FDocuments%2520and%2520Settings%252FLeon%252FMy%2520Documents%252FLeons%2520Dokumente%252FHPI%252F18_WiSe%252FBP%252FBachelorarbeit%252FBachelorarbeit%252Fmain.pdf
[09:41:34] Open PDF tab for /media/leon/Windows/Documents and Settings/Leon/My Documents/Leons Dokumente/HPI/18_WiSe/BP/Bachelorarbeit/Bachelorarbeit/main.pdf
[09:41:35] Handle data type: open
[09:41:35] Preview PDF file: /media/leon/Windows/Documents and Settings/Leon/My Documents/Leons Dokumente/HPI/18_WiSe/BP/Bachelorarbeit/Bachelorarbeit/main.pdf
[09:41:35] Handle data type: loaded
[10:08:20] Handle data type: close
