[11:38:35] Initializing LaTeX Workshop.
[11:38:35] Creating LaTeX Workshop http and websocket server.
[11:38:35] LaTeX Workshop initialized.
[11:38:35] Server created on 127.0.0.1:43517
[11:38:36] Snippet data loaded.
[11:38:36] LaTeX Workshop version: 7.0.2
[11:38:36] Try root file in root directory: /home/leon/Leons Dokumente/HPI/18_WiSe/BP/Bachelorarbeit/Outline/outline.tex
[11:38:36] Parsing /home/leon/Leons Dokumente/HPI/18_WiSe/BP/Bachelorarbeit/Outline/outline.tex
[11:38:36] Parsing /home/leon/Leons Dokumente/HPI/18_WiSe/BP/Bachelorarbeit/Outline/outline.fls to compute dependencies
[11:38:36] Try root file in root directory: /home/leon/Leons Dokumente/HPI/18_WiSe/BP/Bachelorarbeit/Bachelorarbeit/main.tex
[11:38:36] Parsing /home/leon/Leons Dokumente/HPI/18_WiSe/BP/Bachelorarbeit/Bachelorarbeit/main.tex
[11:38:36] Parsing /home/leon/Leons Dokumente/HPI/18_WiSe/BP/Bachelorarbeit/Bachelorarbeit/Pakete.tex
[11:38:36] Parsing /home/leon/Leons Dokumente/HPI/18_WiSe/BP/Bachelorarbeit/Bachelorarbeit/smalltalkEnv.tex
[11:38:36] Parsing /home/leon/Leons Dokumente/HPI/18_WiSe/BP/Bachelorarbeit/Bachelorarbeit/Befehle.tex
[11:38:36] Parsing /home/leon/Leons Dokumente/HPI/18_WiSe/BP/Bachelorarbeit/Bachelorarbeit/Inhalt/01_Einleitung.tex
[11:38:36] Parsing /home/leon/Leons Dokumente/HPI/18_WiSe/BP/Bachelorarbeit/Bachelorarbeit/Inhalt/02_Motivation.tex
[11:38:36] Parsing /home/leon/Leons Dokumente/HPI/18_WiSe/BP/Bachelorarbeit/Bachelorarbeit/Inhalt/03_Hintergrund.tex
[11:38:36] Parsing /home/leon/Leons Dokumente/HPI/18_WiSe/BP/Bachelorarbeit/Bachelorarbeit/Inhalt/04_Integration.tex
[11:38:36] Parsing /home/leon/Leons Dokumente/HPI/18_WiSe/BP/Bachelorarbeit/Bachelorarbeit/Inhalt/05_Versionierung.tex
[11:38:36] Parsing /home/leon/Leons Dokumente/HPI/18_WiSe/BP/Bachelorarbeit/Bachelorarbeit/Inhalt/05_Serialisierung.tex
[11:38:36] Parsing /home/leon/Leons Dokumente/HPI/18_WiSe/BP/Bachelorarbeit/Bachelorarbeit/Inhalt/xx_Anhang.tex
[11:38:36] Parsing /home/leon/Leons Dokumente/HPI/18_WiSe/BP/Bachelorarbeit/Bachelorarbeit/main.fls to compute dependencies
[11:38:36] Parsing /home/leon/Leons Dokumente/HPI/18_WiSe/BP/Bachelorarbeit/Bachelorarbeit/smalltalkEnv.tex
[11:38:36] Found root file in root directory: /home/leon/Leons Dokumente/HPI/18_WiSe/BP/Bachelorarbeit/Bachelorarbeit/main.tex
[11:38:36] Root file changed from: undefined. Find all dependencies.
[11:38:36] Instantiating a new file watcher for /home/leon/Leons Dokumente/HPI/18_WiSe/BP/Bachelorarbeit/Bachelorarbeit/main.tex
[11:38:36] Parsing /home/leon/Leons Dokumente/HPI/18_WiSe/BP/Bachelorarbeit/Bachelorarbeit/main.tex
[11:38:36] Adding /home/leon/Leons Dokumente/HPI/18_WiSe/BP/Bachelorarbeit/Bachelorarbeit/Pakete.tex to file watcher.
[11:38:36] Parsing /home/leon/Leons Dokumente/HPI/18_WiSe/BP/Bachelorarbeit/Bachelorarbeit/Pakete.tex
[11:38:36] Adding /home/leon/Leons Dokumente/HPI/18_WiSe/BP/Bachelorarbeit/Bachelorarbeit/smalltalkEnv.tex to file watcher.
[11:38:36] Parsing /home/leon/Leons Dokumente/HPI/18_WiSe/BP/Bachelorarbeit/Bachelorarbeit/smalltalkEnv.tex
[11:38:36] Adding /home/leon/Leons Dokumente/HPI/18_WiSe/BP/Bachelorarbeit/Bachelorarbeit/Befehle.tex to file watcher.
[11:38:36] Parsing /home/leon/Leons Dokumente/HPI/18_WiSe/BP/Bachelorarbeit/Bachelorarbeit/Befehle.tex
[11:38:36] Adding /home/leon/Leons Dokumente/HPI/18_WiSe/BP/Bachelorarbeit/Bachelorarbeit/Inhalt/01_Einleitung.tex to file watcher.
[11:38:36] Parsing /home/leon/Leons Dokumente/HPI/18_WiSe/BP/Bachelorarbeit/Bachelorarbeit/Inhalt/01_Einleitung.tex
[11:38:36] Adding /home/leon/Leons Dokumente/HPI/18_WiSe/BP/Bachelorarbeit/Bachelorarbeit/Inhalt/02_Motivation.tex to file watcher.
[11:38:36] Parsing /home/leon/Leons Dokumente/HPI/18_WiSe/BP/Bachelorarbeit/Bachelorarbeit/Inhalt/02_Motivation.tex
[11:38:36] Adding /home/leon/Leons Dokumente/HPI/18_WiSe/BP/Bachelorarbeit/Bachelorarbeit/Inhalt/03_Hintergrund.tex to file watcher.
[11:38:36] Parsing /home/leon/Leons Dokumente/HPI/18_WiSe/BP/Bachelorarbeit/Bachelorarbeit/Inhalt/03_Hintergrund.tex
[11:38:36] Adding /home/leon/Leons Dokumente/HPI/18_WiSe/BP/Bachelorarbeit/Bachelorarbeit/Inhalt/04_Integration.tex to file watcher.
[11:38:36] Parsing /home/leon/Leons Dokumente/HPI/18_WiSe/BP/Bachelorarbeit/Bachelorarbeit/Inhalt/04_Integration.tex
[11:38:36] Adding /home/leon/Leons Dokumente/HPI/18_WiSe/BP/Bachelorarbeit/Bachelorarbeit/Inhalt/05_Versionierung.tex to file watcher.
[11:38:36] Parsing /home/leon/Leons Dokumente/HPI/18_WiSe/BP/Bachelorarbeit/Bachelorarbeit/Inhalt/05_Versionierung.tex
[11:38:36] Adding /home/leon/Leons Dokumente/HPI/18_WiSe/BP/Bachelorarbeit/Bachelorarbeit/Inhalt/05_Serialisierung.tex to file watcher.
[11:38:36] Parsing /home/leon/Leons Dokumente/HPI/18_WiSe/BP/Bachelorarbeit/Bachelorarbeit/Inhalt/05_Serialisierung.tex
[11:38:36] Adding /home/leon/Leons Dokumente/HPI/18_WiSe/BP/Bachelorarbeit/Bachelorarbeit/Inhalt/xx_Anhang.tex to file watcher.
[11:38:36] Parsing /home/leon/Leons Dokumente/HPI/18_WiSe/BP/Bachelorarbeit/Bachelorarbeit/Inhalt/xx_Anhang.tex
[11:38:36] Found .bib file /home/leon/Leons Dokumente/HPI/18_WiSe/BP/Bachelorarbeit/Bachelorarbeit/Bibliographie.bib
[11:38:36] Creating file watcher for .bib files.
[11:38:36] Adding .bib file /home/leon/Leons Dokumente/HPI/18_WiSe/BP/Bachelorarbeit/Bachelorarbeit/Bibliographie.bib to bib file watcher.
[11:38:36] Parsing .bib entries from /home/leon/Leons Dokumente/HPI/18_WiSe/BP/Bachelorarbeit/Bachelorarbeit/Bibliographie.bib
[11:38:36] Parsed 6 .bib entries from /home/leon/Leons Dokumente/HPI/18_WiSe/BP/Bachelorarbeit/Bachelorarbeit/Bibliographie.bib.
[11:38:36] Parsing /home/leon/Leons Dokumente/HPI/18_WiSe/BP/Bachelorarbeit/Bachelorarbeit/main.fls to compute dependencies
[11:38:36] Parsing /home/leon/Leons Dokumente/HPI/18_WiSe/BP/Bachelorarbeit/Bachelorarbeit/smalltalkEnv.tex
[11:38:36] Adding /home/leon/Leons Dokumente/HPI/18_WiSe/BP/Bachelorarbeit/Bachelorarbeit/Ressourcen/filetree/Playground.package/MyClass.class/instance/myInstanceMethod.st to file watcher.
[11:38:36] Adding /usr/share/texmf/fonts/enc/dvips/cm-super/cm-super-t1.enc to file watcher.
[11:38:36] Found .bib file /home/leon/Leons Dokumente/HPI/18_WiSe/BP/Bachelorarbeit/Bachelorarbeit/Bibliographie.bib
[11:38:36] .bib file /home/leon/Leons Dokumente/HPI/18_WiSe/BP/Bachelorarbeit/Bachelorarbeit/Bibliographie.bib is already being watched.
[11:38:46] VIEW command invoked.
[11:38:46] Try root file in root directory: /home/leon/Leons Dokumente/HPI/18_WiSe/BP/Bachelorarbeit/Bachelorarbeit/main.tex
[11:38:46] Parsing /home/leon/Leons Dokumente/HPI/18_WiSe/BP/Bachelorarbeit/Bachelorarbeit/main.tex
[11:38:46] Parsing /home/leon/Leons Dokumente/HPI/18_WiSe/BP/Bachelorarbeit/Bachelorarbeit/main.fls to compute dependencies
[11:38:46] Found root file in root directory: /home/leon/Leons Dokumente/HPI/18_WiSe/BP/Bachelorarbeit/Bachelorarbeit/main.tex
[11:38:46] Root file remains unchanged from: /home/leon/Leons Dokumente/HPI/18_WiSe/BP/Bachelorarbeit/Bachelorarbeit/main.tex.
[11:38:46] Serving PDF file at http://localhost:43517/viewer.html?file=/pdf:%252Fhome%252Fleon%252FLeons%2520Dokumente%252FHPI%252F18_WiSe%252FBP%252FBachelorarbeit%252FBachelorarbeit%252Fmain.pdf
[11:38:46] Open PDF tab for /home/leon/Leons Dokumente/HPI/18_WiSe/BP/Bachelorarbeit/Bachelorarbeit/main.pdf
[11:38:47] Handle data type: open
[11:38:47] Preview PDF file: /home/leon/Leons Dokumente/HPI/18_WiSe/BP/Bachelorarbeit/Bachelorarbeit/main.pdf
[11:38:47] Handle data type: loaded
[12:07:23] Parsing /home/leon/Leons Dokumente/HPI/18_WiSe/BP/Bachelorarbeit/Bachelorarbeit/Inhalt/05_Serialisierung.tex
[12:07:23] File watcher: responding to change in /home/leon/Leons Dokumente/HPI/18_WiSe/BP/Bachelorarbeit/Bachelorarbeit/Inhalt/05_Serialisierung.tex
[12:07:23] /home/leon/Leons Dokumente/HPI/18_WiSe/BP/Bachelorarbeit/Bachelorarbeit/Inhalt/05_Serialisierung.tex changed. Auto build project.
[12:07:23] BUILD command invoked.
[12:07:23] Building root file: /home/leon/Leons Dokumente/HPI/18_WiSe/BP/Bachelorarbeit/Bachelorarbeit/main.tex
[12:07:23] Build root file /home/leon/Leons Dokumente/HPI/18_WiSe/BP/Bachelorarbeit/Bachelorarbeit/main.tex
[12:07:23] Recipe step 1: latexmk, -synctex=1,-interaction=nonstopmode,-file-line-error,-pdf,-outdir=/home/leon/Leons Dokumente/HPI/18_WiSe/BP/Bachelorarbeit/Bachelorarbeit,/home/leon/Leons Dokumente/HPI/18_WiSe/BP/Bachelorarbeit/Bachelorarbeit/main
[12:07:23] LaTeX build process spawned. PID: 25985.
[12:07:26] LaTeX log parsed with 13 messages.
[12:07:26] Recipe of length 1 finished. PID: 25985.
[12:07:26] Successfully built /home/leon/Leons Dokumente/HPI/18_WiSe/BP/Bachelorarbeit/Bachelorarbeit/main.tex.
[12:07:26] Refresh PDF viewer for /home/leon/Leons Dokumente/HPI/18_WiSe/BP/Bachelorarbeit/Bachelorarbeit/main.pdf
[12:07:26] Parsing /home/leon/Leons Dokumente/HPI/18_WiSe/BP/Bachelorarbeit/Bachelorarbeit/main.fls to compute dependencies
[12:07:26] Found .bib file /home/leon/Leons Dokumente/HPI/18_WiSe/BP/Bachelorarbeit/Bachelorarbeit/Bibliographie.bib
[12:07:26] .bib file /home/leon/Leons Dokumente/HPI/18_WiSe/BP/Bachelorarbeit/Bachelorarbeit/Bibliographie.bib is already being watched.
[12:07:26] Handle data type: position
[12:07:26] Preview PDF file: /home/leon/Leons Dokumente/HPI/18_WiSe/BP/Bachelorarbeit/Bachelorarbeit/main.pdf
[12:07:26] Handle data type: loaded
[12:07:27] Parsing /home/leon/Leons Dokumente/HPI/18_WiSe/BP/Bachelorarbeit/Bachelorarbeit/Inhalt/05_Serialisierung.tex
[12:07:27] File watcher: responding to change in /home/leon/Leons Dokumente/HPI/18_WiSe/BP/Bachelorarbeit/Bachelorarbeit/Inhalt/05_Serialisierung.tex
[12:07:27] /home/leon/Leons Dokumente/HPI/18_WiSe/BP/Bachelorarbeit/Bachelorarbeit/Inhalt/05_Serialisierung.tex changed. Auto build project.
[12:07:27] BUILD command invoked.
[12:07:27] Building root file: /home/leon/Leons Dokumente/HPI/18_WiSe/BP/Bachelorarbeit/Bachelorarbeit/main.tex
[12:07:27] Build root file /home/leon/Leons Dokumente/HPI/18_WiSe/BP/Bachelorarbeit/Bachelorarbeit/main.tex
[12:07:28] Recipe step 1: latexmk, -synctex=1,-interaction=nonstopmode,-file-line-error,-pdf,-outdir=/home/leon/Leons Dokumente/HPI/18_WiSe/BP/Bachelorarbeit/Bachelorarbeit,/home/leon/Leons Dokumente/HPI/18_WiSe/BP/Bachelorarbeit/Bachelorarbeit/main
[12:07:28] LaTeX build process spawned. PID: 26130.
[12:07:29] LaTeX log parsed with 13 messages.
[12:07:29] Recipe of length 1 finished. PID: 26130.
[12:07:29] Successfully built /home/leon/Leons Dokumente/HPI/18_WiSe/BP/Bachelorarbeit/Bachelorarbeit/main.tex.
[12:07:29] Refresh PDF viewer for /home/leon/Leons Dokumente/HPI/18_WiSe/BP/Bachelorarbeit/Bachelorarbeit/main.pdf
[12:07:29] Parsing /home/leon/Leons Dokumente/HPI/18_WiSe/BP/Bachelorarbeit/Bachelorarbeit/main.fls to compute dependencies
[12:07:29] Found .bib file /home/leon/Leons Dokumente/HPI/18_WiSe/BP/Bachelorarbeit/Bachelorarbeit/Bibliographie.bib
[12:07:29] .bib file /home/leon/Leons Dokumente/HPI/18_WiSe/BP/Bachelorarbeit/Bachelorarbeit/Bibliographie.bib is already being watched.
[12:07:29] Handle data type: position
[12:07:29] Preview PDF file: /home/leon/Leons Dokumente/HPI/18_WiSe/BP/Bachelorarbeit/Bachelorarbeit/main.pdf
[12:07:29] Handle data type: loaded
