[2019-06-24 10:22:49.430] [exthost] [info] extension host started
[2019-06-24 10:22:49.480] [exthost] [info] ExtensionService#_doActivateExtension vscode.typescript-language-features {"startup":false,"activationEvent":"onLanguage:javascript"}
[2019-06-24 10:22:49.480] [exthost] [info] ExtensionService#loadCommonJSModule /snap/code/9/usr/share/code/resources/app/extensions/typescript-language-features/dist/extension
[2019-06-24 10:22:49.578] [exthost] [info] ExtensionService#_doActivateExtension vscode.debug-auto-launch {"startup":true,"activationEvent":"*"}
[2019-06-24 10:22:49.578] [exthost] [info] ExtensionService#loadCommonJSModule /snap/code/9/usr/share/code/resources/app/extensions/debug-auto-launch/dist/extension
[2019-06-24 10:22:49.581] [exthost] [info] ExtensionService#_doActivateExtension vscode.emmet {"startup":true,"activationEvent":"*"}
[2019-06-24 10:22:49.581] [exthost] [info] ExtensionService#loadCommonJSModule /snap/code/9/usr/share/code/resources/app/extensions/emmet/dist/extension
[2019-06-24 10:22:49.596] [exthost] [info] ExtensionService#_doActivateExtension vscode.git {"startup":true,"activationEvent":"*"}
[2019-06-24 10:22:49.596] [exthost] [info] ExtensionService#loadCommonJSModule /snap/code/9/usr/share/code/resources/app/extensions/git/dist/main
[2019-06-24 10:22:49.703] [exthost] [info] ExtensionService#_doActivateExtension vscode.merge-conflict {"startup":true,"activationEvent":"*"}
[2019-06-24 10:22:49.703] [exthost] [info] ExtensionService#loadCommonJSModule /snap/code/9/usr/share/code/resources/app/extensions/merge-conflict/dist/extension
[2019-06-24 10:22:49.711] [exthost] [info] ExtensionService#_doActivateExtension streetsidesoftware.code-spell-checker {"startup":true,"activationEvent":"*"}
[2019-06-24 10:22:49.711] [exthost] [info] ExtensionService#loadCommonJSModule /home/leon/.vscode/extensions/streetsidesoftware.code-spell-checker-1.7.17/dist/extension
[2019-06-24 10:22:49.796] [exthost] [info] eager extensions activated
[2019-06-24 10:22:49.963] [exthost] [info] ExtensionService#_doActivateExtension streetsidesoftware.code-spell-checker-german {"startup":true,"activationEvent":"*"}
[2019-06-24 10:22:49.963] [exthost] [info] ExtensionService#loadCommonJSModule /home/leon/.vscode/extensions/streetsidesoftware.code-spell-checker-german-0.1.2/out/src/extension
[2019-06-24 10:23:22.835] [exthost] [info] extension host started
[2019-06-24 10:23:22.926] [exthost] [info] ExtensionService#_doActivateExtension James-Yu.latex-workshop {"startup":false,"activationEvent":"onLanguage:latex"}
[2019-06-24 10:23:22.926] [exthost] [info] ExtensionService#loadCommonJSModule /home/leon/.vscode/extensions/james-yu.latex-workshop-7.0.2/out/src/main.js
[2019-06-24 10:23:23.144] [exthost] [info] ExtensionService#_doActivateExtension vscode.debug-auto-launch {"startup":true,"activationEvent":"*"}
[2019-06-24 10:23:23.144] [exthost] [info] ExtensionService#loadCommonJSModule /snap/code/9/usr/share/code/resources/app/extensions/debug-auto-launch/dist/extension
[2019-06-24 10:23:23.147] [exthost] [info] ExtensionService#_doActivateExtension vscode.emmet {"startup":true,"activationEvent":"*"}
[2019-06-24 10:23:23.147] [exthost] [info] ExtensionService#loadCommonJSModule /snap/code/9/usr/share/code/resources/app/extensions/emmet/dist/extension
[2019-06-24 10:23:23.166] [exthost] [info] ExtensionService#_doActivateExtension vscode.git {"startup":true,"activationEvent":"*"}
[2019-06-24 10:23:23.166] [exthost] [info] ExtensionService#loadCommonJSModule /snap/code/9/usr/share/code/resources/app/extensions/git/dist/main
[2019-06-24 10:23:23.262] [exthost] [info] ExtensionService#_doActivateExtension vscode.merge-conflict {"startup":true,"activationEvent":"*"}
[2019-06-24 10:23:23.262] [exthost] [info] ExtensionService#loadCommonJSModule /snap/code/9/usr/share/code/resources/app/extensions/merge-conflict/dist/extension
[2019-06-24 10:23:23.267] [exthost] [info] ExtensionService#_doActivateExtension streetsidesoftware.code-spell-checker {"startup":true,"activationEvent":"*"}
[2019-06-24 10:23:23.267] [exthost] [info] ExtensionService#loadCommonJSModule /home/leon/.vscode/extensions/streetsidesoftware.code-spell-checker-1.7.17/dist/extension
[2019-06-24 10:23:23.344] [exthost] [info] eager extensions activated
[2019-06-24 10:23:24.266] [exthost] [info] ExtensionService#_doActivateExtension streetsidesoftware.code-spell-checker-german {"startup":true,"activationEvent":"*"}
[2019-06-24 10:23:24.266] [exthost] [info] ExtensionService#loadCommonJSModule /home/leon/.vscode/extensions/streetsidesoftware.code-spell-checker-german-0.1.2/out/src/extension
