[2019-06-28 15:53:32.942] [exthost] [info] extension host started
[2019-06-28 15:53:32.958] [exthost] [info] ExtensionService#_doActivateExtension vscode.debug-auto-launch {"startup":true,"activationEvent":"*"}
[2019-06-28 15:53:32.958] [exthost] [info] ExtensionService#loadCommonJSModule /snap/code/9/usr/share/code/resources/app/extensions/debug-auto-launch/dist/extension
[2019-06-28 15:53:32.963] [exthost] [info] ExtensionService#_doActivateExtension vscode.emmet {"startup":true,"activationEvent":"*"}
[2019-06-28 15:53:32.963] [exthost] [info] ExtensionService#loadCommonJSModule /snap/code/9/usr/share/code/resources/app/extensions/emmet/dist/extension
[2019-06-28 15:53:32.978] [exthost] [info] ExtensionService#_doActivateExtension vscode.git {"startup":true,"activationEvent":"*"}
[2019-06-28 15:53:32.978] [exthost] [info] ExtensionService#loadCommonJSModule /snap/code/9/usr/share/code/resources/app/extensions/git/dist/main
[2019-06-28 15:53:33.075] [exthost] [info] ExtensionService#_doActivateExtension vscode.merge-conflict {"startup":true,"activationEvent":"*"}
[2019-06-28 15:53:33.075] [exthost] [info] ExtensionService#loadCommonJSModule /snap/code/9/usr/share/code/resources/app/extensions/merge-conflict/dist/extension
[2019-06-28 15:53:33.081] [exthost] [info] ExtensionService#_doActivateExtension streetsidesoftware.code-spell-checker {"startup":true,"activationEvent":"*"}
[2019-06-28 15:53:33.081] [exthost] [info] ExtensionService#loadCommonJSModule /home/leon/.vscode/extensions/streetsidesoftware.code-spell-checker-1.7.17/dist/extension
[2019-06-28 15:53:33.151] [exthost] [info] eager extensions activated
[2019-06-28 15:53:33.187] [exthost] [info] ExtensionService#_doActivateExtension streetsidesoftware.code-spell-checker-german {"startup":true,"activationEvent":"*"}
[2019-06-28 15:53:33.187] [exthost] [info] ExtensionService#loadCommonJSModule /home/leon/.vscode/extensions/streetsidesoftware.code-spell-checker-german-0.1.2/out/src/extension
[2019-06-28 15:54:49.227] [exthost] [info] extension host started
[2019-06-28 15:54:49.241] [exthost] [info] ExtensionService#_doActivateExtension vscode.debug-auto-launch {"startup":true,"activationEvent":"*"}
[2019-06-28 15:54:49.241] [exthost] [info] ExtensionService#loadCommonJSModule /snap/code/9/usr/share/code/resources/app/extensions/debug-auto-launch/dist/extension
[2019-06-28 15:54:49.244] [exthost] [info] ExtensionService#_doActivateExtension vscode.emmet {"startup":true,"activationEvent":"*"}
[2019-06-28 15:54:49.244] [exthost] [info] ExtensionService#loadCommonJSModule /snap/code/9/usr/share/code/resources/app/extensions/emmet/dist/extension
[2019-06-28 15:54:49.261] [exthost] [info] ExtensionService#_doActivateExtension vscode.git {"startup":true,"activationEvent":"*"}
[2019-06-28 15:54:49.261] [exthost] [info] ExtensionService#loadCommonJSModule /snap/code/9/usr/share/code/resources/app/extensions/git/dist/main
[2019-06-28 15:54:49.353] [exthost] [info] ExtensionService#_doActivateExtension vscode.merge-conflict {"startup":true,"activationEvent":"*"}
[2019-06-28 15:54:49.353] [exthost] [info] ExtensionService#loadCommonJSModule /snap/code/9/usr/share/code/resources/app/extensions/merge-conflict/dist/extension
[2019-06-28 15:54:49.357] [exthost] [info] ExtensionService#_doActivateExtension streetsidesoftware.code-spell-checker {"startup":true,"activationEvent":"*"}
[2019-06-28 15:54:49.357] [exthost] [info] ExtensionService#loadCommonJSModule /home/leon/.vscode/extensions/streetsidesoftware.code-spell-checker-1.7.17/dist/extension
[2019-06-28 15:54:49.428] [exthost] [info] eager extensions activated
[2019-06-28 15:54:49.462] [exthost] [info] ExtensionService#_doActivateExtension streetsidesoftware.code-spell-checker-german {"startup":true,"activationEvent":"*"}
[2019-06-28 15:54:49.462] [exthost] [info] ExtensionService#loadCommonJSModule /home/leon/.vscode/extensions/streetsidesoftware.code-spell-checker-german-0.1.2/out/src/extension
[2019-06-28 15:55:50.096] [exthost] [info] ExtensionService#_doActivateExtension vscode.configuration-editing {"startup":false,"activationEvent":"onLanguage:jsonc"}
[2019-06-28 15:55:50.096] [exthost] [info] ExtensionService#loadCommonJSModule /snap/code/9/usr/share/code/resources/app/extensions/configuration-editing/dist/extension
[2019-06-28 15:55:50.105] [exthost] [info] ExtensionService#_doActivateExtension vscode.json-language-features {"startup":false,"activationEvent":"onLanguage:jsonc"}
[2019-06-28 15:55:50.105] [exthost] [info] ExtensionService#loadCommonJSModule /snap/code/9/usr/share/code/resources/app/extensions/json-language-features/client/dist/jsonMain
[2019-06-28 15:55:50.194] [exthost] [info] ExtensionService#_doActivateExtension vscode.typescript-language-features {"startup":false,"activationEvent":"onLanguage:jsonc"}
[2019-06-28 15:55:50.194] [exthost] [info] ExtensionService#loadCommonJSModule /snap/code/9/usr/share/code/resources/app/extensions/typescript-language-features/dist/extension
[2019-06-28 15:56:02.161] [exthost] [info] extension host started
[2019-06-28 15:56:02.215] [exthost] [info] ExtensionService#_doActivateExtension vscode.configuration-editing {"startup":false,"activationEvent":"onLanguage:jsonc"}
[2019-06-28 15:56:02.215] [exthost] [info] ExtensionService#loadCommonJSModule /snap/code/9/usr/share/code/resources/app/extensions/configuration-editing/dist/extension
[2019-06-28 15:56:02.218] [exthost] [info] ExtensionService#_doActivateExtension vscode.json-language-features {"startup":false,"activationEvent":"onLanguage:jsonc"}
[2019-06-28 15:56:02.218] [exthost] [info] ExtensionService#loadCommonJSModule /snap/code/9/usr/share/code/resources/app/extensions/json-language-features/client/dist/jsonMain
[2019-06-28 15:56:02.235] [exthost] [info] ExtensionService#_doActivateExtension vscode.typescript-language-features {"startup":false,"activationEvent":"onLanguage:jsonc"}
[2019-06-28 15:56:02.235] [exthost] [info] ExtensionService#loadCommonJSModule /snap/code/9/usr/share/code/resources/app/extensions/typescript-language-features/dist/extension
[2019-06-28 15:56:02.249] [exthost] [info] ExtensionService#_doActivateExtension vscode.debug-auto-launch {"startup":true,"activationEvent":"*"}
[2019-06-28 15:56:02.249] [exthost] [info] ExtensionService#loadCommonJSModule /snap/code/9/usr/share/code/resources/app/extensions/debug-auto-launch/dist/extension
[2019-06-28 15:56:02.251] [exthost] [info] ExtensionService#_doActivateExtension vscode.emmet {"startup":true,"activationEvent":"*"}
[2019-06-28 15:56:02.251] [exthost] [info] ExtensionService#loadCommonJSModule /snap/code/9/usr/share/code/resources/app/extensions/emmet/dist/extension
[2019-06-28 15:56:02.255] [exthost] [info] ExtensionService#_doActivateExtension vscode.git {"startup":true,"activationEvent":"*"}
[2019-06-28 15:56:02.255] [exthost] [info] ExtensionService#loadCommonJSModule /snap/code/9/usr/share/code/resources/app/extensions/git/dist/main
[2019-06-28 15:56:02.281] [exthost] [info] ExtensionService#_doActivateExtension vscode.merge-conflict {"startup":true,"activationEvent":"*"}
[2019-06-28 15:56:02.281] [exthost] [info] ExtensionService#loadCommonJSModule /snap/code/9/usr/share/code/resources/app/extensions/merge-conflict/dist/extension
[2019-06-28 15:56:02.283] [exthost] [info] ExtensionService#_doActivateExtension streetsidesoftware.code-spell-checker {"startup":true,"activationEvent":"*"}
[2019-06-28 15:56:02.283] [exthost] [info] ExtensionService#loadCommonJSModule /home/leon/.vscode/extensions/streetsidesoftware.code-spell-checker-1.7.17/dist/extension
[2019-06-28 15:56:02.301] [exthost] [info] eager extensions activated
[2019-06-28 15:56:02.395] [exthost] [info] ExtensionService#_doActivateExtension streetsidesoftware.code-spell-checker-german {"startup":true,"activationEvent":"*"}
[2019-06-28 15:56:02.395] [exthost] [info] ExtensionService#loadCommonJSModule /home/leon/.vscode/extensions/streetsidesoftware.code-spell-checker-german-0.1.2/out/src/extension
[2019-06-28 15:58:25.589] [exthost] [info] ExtensionService#_doActivateExtension James-Yu.latex-workshop {"startup":false,"activationEvent":"onLanguage:latex"}
[2019-06-28 15:58:25.589] [exthost] [info] ExtensionService#loadCommonJSModule /home/leon/.vscode/extensions/james-yu.latex-workshop-7.0.2/out/src/main.js
