[15:58:25] Initializing LaTeX Workshop.
[15:58:25] Creating LaTeX Workshop http and websocket server.
[15:58:26] LaTeX Workshop initialized.
[15:58:26] Found root file from active editor: /home/leon/Leons Dokumente/HPI/18_WiSe/BP/Bachelorarbeit/Bachelorarbeit/main.tex
[15:58:26] Root file changed from: undefined. Find all dependencies.
[15:58:26] Instantiating a new file watcher for /home/leon/Leons Dokumente/HPI/18_WiSe/BP/Bachelorarbeit/Bachelorarbeit/main.tex
[15:58:26] Parsing /home/leon/Leons Dokumente/HPI/18_WiSe/BP/Bachelorarbeit/Bachelorarbeit/main.tex
[15:58:26] Adding /home/leon/Leons Dokumente/HPI/18_WiSe/BP/Bachelorarbeit/Bachelorarbeit/Pakete.tex to file watcher.
[15:58:26] Parsing /home/leon/Leons Dokumente/HPI/18_WiSe/BP/Bachelorarbeit/Bachelorarbeit/Pakete.tex
[15:58:26] Adding /home/leon/Leons Dokumente/HPI/18_WiSe/BP/Bachelorarbeit/Bachelorarbeit/smalltalkEnv.tex to file watcher.
[15:58:26] Parsing /home/leon/Leons Dokumente/HPI/18_WiSe/BP/Bachelorarbeit/Bachelorarbeit/smalltalkEnv.tex
[15:58:26] Adding /home/leon/Leons Dokumente/HPI/18_WiSe/BP/Bachelorarbeit/Bachelorarbeit/Befehle.tex to file watcher.
[15:58:26] Parsing /home/leon/Leons Dokumente/HPI/18_WiSe/BP/Bachelorarbeit/Bachelorarbeit/Befehle.tex
[15:58:26] Adding /home/leon/Leons Dokumente/HPI/18_WiSe/BP/Bachelorarbeit/Bachelorarbeit/Inhalt/01_Einleitung.tex to file watcher.
[15:58:26] Parsing /home/leon/Leons Dokumente/HPI/18_WiSe/BP/Bachelorarbeit/Bachelorarbeit/Inhalt/01_Einleitung.tex
[15:58:26] Adding /home/leon/Leons Dokumente/HPI/18_WiSe/BP/Bachelorarbeit/Bachelorarbeit/Inhalt/02_Motivation.tex to file watcher.
[15:58:26] Parsing /home/leon/Leons Dokumente/HPI/18_WiSe/BP/Bachelorarbeit/Bachelorarbeit/Inhalt/02_Motivation.tex
[15:58:26] Adding /home/leon/Leons Dokumente/HPI/18_WiSe/BP/Bachelorarbeit/Bachelorarbeit/Inhalt/03_Hintergrund.tex to file watcher.
[15:58:26] Parsing /home/leon/Leons Dokumente/HPI/18_WiSe/BP/Bachelorarbeit/Bachelorarbeit/Inhalt/03_Hintergrund.tex
[15:58:26] Adding /home/leon/Leons Dokumente/HPI/18_WiSe/BP/Bachelorarbeit/Bachelorarbeit/Inhalt/04_Integration.tex to file watcher.
[15:58:26] Parsing /home/leon/Leons Dokumente/HPI/18_WiSe/BP/Bachelorarbeit/Bachelorarbeit/Inhalt/04_Integration.tex
[15:58:26] Adding /home/leon/Leons Dokumente/HPI/18_WiSe/BP/Bachelorarbeit/Bachelorarbeit/Inhalt/05_Versionierung.tex to file watcher.
[15:58:26] Parsing /home/leon/Leons Dokumente/HPI/18_WiSe/BP/Bachelorarbeit/Bachelorarbeit/Inhalt/05_Versionierung.tex
[15:58:26] Adding /home/leon/Leons Dokumente/HPI/18_WiSe/BP/Bachelorarbeit/Bachelorarbeit/Inhalt/05_Serialisierung.tex to file watcher.
[15:58:26] Parsing /home/leon/Leons Dokumente/HPI/18_WiSe/BP/Bachelorarbeit/Bachelorarbeit/Inhalt/05_Serialisierung.tex
[15:58:26] Adding /home/leon/Leons Dokumente/HPI/18_WiSe/BP/Bachelorarbeit/Bachelorarbeit/Inhalt/xx_Anhang.tex to file watcher.
[15:58:26] Parsing /home/leon/Leons Dokumente/HPI/18_WiSe/BP/Bachelorarbeit/Bachelorarbeit/Inhalt/xx_Anhang.tex
[15:58:26] Found .bib file /home/leon/Leons Dokumente/HPI/18_WiSe/BP/Bachelorarbeit/Bachelorarbeit/Bibliographie.bib
[15:58:26] Creating file watcher for .bib files.
[15:58:26] Adding .bib file /home/leon/Leons Dokumente/HPI/18_WiSe/BP/Bachelorarbeit/Bachelorarbeit/Bibliographie.bib to bib file watcher.
[15:58:26] Parsing .bib entries from /home/leon/Leons Dokumente/HPI/18_WiSe/BP/Bachelorarbeit/Bachelorarbeit/Bibliographie.bib
[15:58:26] Parsed 6 .bib entries from /home/leon/Leons Dokumente/HPI/18_WiSe/BP/Bachelorarbeit/Bachelorarbeit/Bibliographie.bib.
[15:58:26] Parsing /home/leon/Leons Dokumente/HPI/18_WiSe/BP/Bachelorarbeit/Bachelorarbeit/main.fls to compute dependencies
[15:58:27] Adding /usr/share/texmf/fonts/enc/dvips/cm-super/cm-super-t1.enc to file watcher.
[15:58:27] Server created on 127.0.0.1:42739
[15:58:27] Snippet data loaded.
[15:58:27] VIEW command invoked.
[15:58:27] Found root file from active editor: /home/leon/Leons Dokumente/HPI/18_WiSe/BP/Bachelorarbeit/Bachelorarbeit/main.tex
[15:58:27] Root file remains unchanged from: /home/leon/Leons Dokumente/HPI/18_WiSe/BP/Bachelorarbeit/Bachelorarbeit/main.tex.
[15:58:27] Serving PDF file at http://localhost:42739/viewer.html?file=/pdf:%252Fhome%252Fleon%252FLeons%2520Dokumente%252FHPI%252F18_WiSe%252FBP%252FBachelorarbeit%252FBachelorarbeit%252Fmain.pdf
[15:58:27] Open PDF tab for /home/leon/Leons Dokumente/HPI/18_WiSe/BP/Bachelorarbeit/Bachelorarbeit/main.pdf
[15:58:27] LaTeX Workshop version: 7.0.2
[15:58:27] Handle data type: open
[15:58:27] Preview PDF file: /home/leon/Leons Dokumente/HPI/18_WiSe/BP/Bachelorarbeit/Bachelorarbeit/main.pdf
[15:58:27] Handle data type: loaded
[16:09:01] Parsing /home/leon/Leons Dokumente/HPI/18_WiSe/BP/Bachelorarbeit/Bachelorarbeit/main.tex
[16:09:01] Parsing /home/leon/Leons Dokumente/HPI/18_WiSe/BP/Bachelorarbeit/Bachelorarbeit/Pakete.tex
[16:09:01] Parsing /home/leon/Leons Dokumente/HPI/18_WiSe/BP/Bachelorarbeit/Bachelorarbeit/smalltalkEnv.tex
[16:09:01] Parsing /home/leon/Leons Dokumente/HPI/18_WiSe/BP/Bachelorarbeit/Bachelorarbeit/Befehle.tex
[16:09:01] Parsing /home/leon/Leons Dokumente/HPI/18_WiSe/BP/Bachelorarbeit/Bachelorarbeit/Inhalt/01_Einleitung.tex
[16:09:01] Parsing /home/leon/Leons Dokumente/HPI/18_WiSe/BP/Bachelorarbeit/Bachelorarbeit/Inhalt/02_Motivation.tex
[16:09:01] Parsing /home/leon/Leons Dokumente/HPI/18_WiSe/BP/Bachelorarbeit/Bachelorarbeit/Inhalt/03_Hintergrund.tex
[16:09:01] Parsing /home/leon/Leons Dokumente/HPI/18_WiSe/BP/Bachelorarbeit/Bachelorarbeit/Inhalt/04_Integration.tex
[16:09:01] Parsing /home/leon/Leons Dokumente/HPI/18_WiSe/BP/Bachelorarbeit/Bachelorarbeit/Inhalt/05_Versionierung.tex
[16:09:01] Parsing /home/leon/Leons Dokumente/HPI/18_WiSe/BP/Bachelorarbeit/Bachelorarbeit/Inhalt/05_Serialisierung.tex
[16:09:01] Parsing /home/leon/Leons Dokumente/HPI/18_WiSe/BP/Bachelorarbeit/Bachelorarbeit/Inhalt/xx_Anhang.tex
[16:09:01] Found .bib file /home/leon/Leons Dokumente/HPI/18_WiSe/BP/Bachelorarbeit/Bachelorarbeit/Bibliographie.bib
[16:09:01] .bib file /home/leon/Leons Dokumente/HPI/18_WiSe/BP/Bachelorarbeit/Bachelorarbeit/Bibliographie.bib is already being watched.
[16:09:01] Parsing /home/leon/Leons Dokumente/HPI/18_WiSe/BP/Bachelorarbeit/Bachelorarbeit/main.fls to compute dependencies
[16:09:08] Parsing /home/leon/Leons Dokumente/HPI/18_WiSe/BP/Bachelorarbeit/Bachelorarbeit/main.tex
[16:09:08] Parsing /home/leon/Leons Dokumente/HPI/18_WiSe/BP/Bachelorarbeit/Bachelorarbeit/Pakete.tex
[16:09:08] Parsing /home/leon/Leons Dokumente/HPI/18_WiSe/BP/Bachelorarbeit/Bachelorarbeit/smalltalkEnv.tex
[16:09:08] Parsing /home/leon/Leons Dokumente/HPI/18_WiSe/BP/Bachelorarbeit/Bachelorarbeit/Befehle.tex
[16:09:08] Parsing /home/leon/Leons Dokumente/HPI/18_WiSe/BP/Bachelorarbeit/Bachelorarbeit/Inhalt/01_Einleitung.tex
[16:09:08] Parsing /home/leon/Leons Dokumente/HPI/18_WiSe/BP/Bachelorarbeit/Bachelorarbeit/Inhalt/02_Motivation.tex
[16:09:08] Parsing /home/leon/Leons Dokumente/HPI/18_WiSe/BP/Bachelorarbeit/Bachelorarbeit/Inhalt/03_Hintergrund.tex
[16:09:08] Parsing /home/leon/Leons Dokumente/HPI/18_WiSe/BP/Bachelorarbeit/Bachelorarbeit/Inhalt/04_Integration.tex
[16:09:08] Parsing /home/leon/Leons Dokumente/HPI/18_WiSe/BP/Bachelorarbeit/Bachelorarbeit/Inhalt/05_Versionierung.tex
[16:09:08] Parsing /home/leon/Leons Dokumente/HPI/18_WiSe/BP/Bachelorarbeit/Bachelorarbeit/Inhalt/05_Serialisierung.tex
[16:09:08] Parsing /home/leon/Leons Dokumente/HPI/18_WiSe/BP/Bachelorarbeit/Bachelorarbeit/Inhalt/xx_Anhang.tex
[16:09:08] Found .bib file /home/leon/Leons Dokumente/HPI/18_WiSe/BP/Bachelorarbeit/Bachelorarbeit/Bibliographie.bib
[16:09:08] .bib file /home/leon/Leons Dokumente/HPI/18_WiSe/BP/Bachelorarbeit/Bachelorarbeit/Bibliographie.bib is already being watched.
[16:09:08] Parsing /home/leon/Leons Dokumente/HPI/18_WiSe/BP/Bachelorarbeit/Bachelorarbeit/main.fls to compute dependencies
[16:09:16] Parsing /home/leon/Leons Dokumente/HPI/18_WiSe/BP/Bachelorarbeit/Bachelorarbeit/main.tex
[16:09:16] Parsing /home/leon/Leons Dokumente/HPI/18_WiSe/BP/Bachelorarbeit/Bachelorarbeit/Pakete.tex
[16:09:16] Parsing /home/leon/Leons Dokumente/HPI/18_WiSe/BP/Bachelorarbeit/Bachelorarbeit/smalltalkEnv.tex
[16:09:16] Parsing /home/leon/Leons Dokumente/HPI/18_WiSe/BP/Bachelorarbeit/Bachelorarbeit/Befehle.tex
[16:09:16] Parsing /home/leon/Leons Dokumente/HPI/18_WiSe/BP/Bachelorarbeit/Bachelorarbeit/Inhalt/01_Einleitung.tex
[16:09:16] Parsing /home/leon/Leons Dokumente/HPI/18_WiSe/BP/Bachelorarbeit/Bachelorarbeit/Inhalt/02_Motivation.tex
[16:09:16] Parsing /home/leon/Leons Dokumente/HPI/18_WiSe/BP/Bachelorarbeit/Bachelorarbeit/Inhalt/03_Hintergrund.tex
[16:09:16] Parsing /home/leon/Leons Dokumente/HPI/18_WiSe/BP/Bachelorarbeit/Bachelorarbeit/Inhalt/04_Integration.tex
[16:09:16] Parsing /home/leon/Leons Dokumente/HPI/18_WiSe/BP/Bachelorarbeit/Bachelorarbeit/Inhalt/05_Versionierung.tex
[16:09:16] Parsing /home/leon/Leons Dokumente/HPI/18_WiSe/BP/Bachelorarbeit/Bachelorarbeit/Inhalt/05_Serialisierung.tex
[16:09:16] Parsing /home/leon/Leons Dokumente/HPI/18_WiSe/BP/Bachelorarbeit/Bachelorarbeit/Inhalt/xx_Anhang.tex
[16:09:16] Found .bib file /home/leon/Leons Dokumente/HPI/18_WiSe/BP/Bachelorarbeit/Bachelorarbeit/Bibliographie.bib
[16:09:16] .bib file /home/leon/Leons Dokumente/HPI/18_WiSe/BP/Bachelorarbeit/Bachelorarbeit/Bibliographie.bib is already being watched.
[16:09:16] Parsing /home/leon/Leons Dokumente/HPI/18_WiSe/BP/Bachelorarbeit/Bachelorarbeit/main.fls to compute dependencies
[16:09:33] Try root file in root directory: /home/leon/Leons Dokumente/HPI/18_WiSe/BP/Bachelorarbeit/Outline/outline.tex
[16:09:33] Parsing /home/leon/Leons Dokumente/HPI/18_WiSe/BP/Bachelorarbeit/Outline/outline.tex
[16:09:33] Parsing /home/leon/Leons Dokumente/HPI/18_WiSe/BP/Bachelorarbeit/Outline/outline.fls to compute dependencies
[16:09:33] Try root file in root directory: /home/leon/Leons Dokumente/HPI/18_WiSe/BP/Bachelorarbeit/Bachelorarbeit/main.tex
[16:09:33] Parsing /home/leon/Leons Dokumente/HPI/18_WiSe/BP/Bachelorarbeit/Bachelorarbeit/main.tex
[16:09:33] Parsing /home/leon/Leons Dokumente/HPI/18_WiSe/BP/Bachelorarbeit/Bachelorarbeit/main.fls to compute dependencies
[16:09:33] Found root file in root directory: /home/leon/Leons Dokumente/HPI/18_WiSe/BP/Bachelorarbeit/Bachelorarbeit/main.tex
[16:09:33] Root file remains unchanged from: /home/leon/Leons Dokumente/HPI/18_WiSe/BP/Bachelorarbeit/Bachelorarbeit/main.tex.
[16:09:33] Try root file in root directory: /home/leon/Leons Dokumente/HPI/18_WiSe/BP/Bachelorarbeit/Bachelorarbeit/main.tex
[16:09:33] Parsing /home/leon/Leons Dokumente/HPI/18_WiSe/BP/Bachelorarbeit/Bachelorarbeit/main.tex
[16:09:33] Parsing /home/leon/Leons Dokumente/HPI/18_WiSe/BP/Bachelorarbeit/Bachelorarbeit/main.fls to compute dependencies
[16:09:33] Found root file in root directory: /home/leon/Leons Dokumente/HPI/18_WiSe/BP/Bachelorarbeit/Bachelorarbeit/main.tex
[16:09:33] Root file remains unchanged from: /home/leon/Leons Dokumente/HPI/18_WiSe/BP/Bachelorarbeit/Bachelorarbeit/main.tex.
[16:09:59] Parsing /home/leon/Leons Dokumente/HPI/18_WiSe/BP/Bachelorarbeit/Bachelorarbeit/Inhalt/05_Serialisierung.tex
[16:09:59] File watcher: responding to change in /home/leon/Leons Dokumente/HPI/18_WiSe/BP/Bachelorarbeit/Bachelorarbeit/Inhalt/05_Serialisierung.tex
[16:09:59] /home/leon/Leons Dokumente/HPI/18_WiSe/BP/Bachelorarbeit/Bachelorarbeit/Inhalt/05_Serialisierung.tex changed. Auto build project.
[16:09:59] BUILD command invoked.
[16:09:59] Building root file: /home/leon/Leons Dokumente/HPI/18_WiSe/BP/Bachelorarbeit/Bachelorarbeit/main.tex
[16:09:59] Build root file /home/leon/Leons Dokumente/HPI/18_WiSe/BP/Bachelorarbeit/Bachelorarbeit/main.tex
[16:10:00] Recipe step 1: latexmk, -synctex=1,-interaction=nonstopmode,-file-line-error,-pdf,-outdir=/home/leon/Leons Dokumente/HPI/18_WiSe/BP/Bachelorarbeit/Bachelorarbeit,/home/leon/Leons Dokumente/HPI/18_WiSe/BP/Bachelorarbeit/Bachelorarbeit/main
[16:10:00] LaTeX build process spawned. PID: 24382.
[16:10:00] Recipe of length 1 finished. PID: 24382.
[16:10:00] Successfully built /home/leon/Leons Dokumente/HPI/18_WiSe/BP/Bachelorarbeit/Bachelorarbeit/main.tex.
[16:10:02] Parsing /home/leon/Leons Dokumente/HPI/18_WiSe/BP/Bachelorarbeit/Bachelorarbeit/Inhalt/05_Serialisierung.tex
[16:10:02] File watcher: responding to change in /home/leon/Leons Dokumente/HPI/18_WiSe/BP/Bachelorarbeit/Bachelorarbeit/Inhalt/05_Serialisierung.tex
[16:10:02] /home/leon/Leons Dokumente/HPI/18_WiSe/BP/Bachelorarbeit/Bachelorarbeit/Inhalt/05_Serialisierung.tex changed. Auto build project.
[16:10:02] BUILD command invoked.
[16:10:02] Building root file: /home/leon/Leons Dokumente/HPI/18_WiSe/BP/Bachelorarbeit/Bachelorarbeit/main.tex
[16:10:02] Build root file /home/leon/Leons Dokumente/HPI/18_WiSe/BP/Bachelorarbeit/Bachelorarbeit/main.tex
[16:10:02] Recipe step 1: latexmk, -synctex=1,-interaction=nonstopmode,-file-line-error,-pdf,-outdir=/home/leon/Leons Dokumente/HPI/18_WiSe/BP/Bachelorarbeit/Bachelorarbeit,/home/leon/Leons Dokumente/HPI/18_WiSe/BP/Bachelorarbeit/Bachelorarbeit/main
[16:10:02] LaTeX build process spawned. PID: 24454.
[16:10:02] Recipe of length 1 finished. PID: 24454.
[16:10:02] Successfully built /home/leon/Leons Dokumente/HPI/18_WiSe/BP/Bachelorarbeit/Bachelorarbeit/main.tex.
[16:10:03] Parsing /home/leon/Leons Dokumente/HPI/18_WiSe/BP/Bachelorarbeit/Bachelorarbeit/Inhalt/05_Serialisierung.tex
[16:10:03] File watcher: responding to change in /home/leon/Leons Dokumente/HPI/18_WiSe/BP/Bachelorarbeit/Bachelorarbeit/Inhalt/05_Serialisierung.tex
[16:10:03] Auto Build Run is temporarily disabled during a second.
[16:10:03] Parsing /home/leon/Leons Dokumente/HPI/18_WiSe/BP/Bachelorarbeit/Bachelorarbeit/Inhalt/05_Serialisierung.tex
[16:10:03] File watcher: responding to change in /home/leon/Leons Dokumente/HPI/18_WiSe/BP/Bachelorarbeit/Bachelorarbeit/Inhalt/05_Serialisierung.tex
[16:10:03] /home/leon/Leons Dokumente/HPI/18_WiSe/BP/Bachelorarbeit/Bachelorarbeit/Inhalt/05_Serialisierung.tex changed. Auto build project.
[16:10:03] BUILD command invoked.
[16:10:03] Building root file: /home/leon/Leons Dokumente/HPI/18_WiSe/BP/Bachelorarbeit/Bachelorarbeit/main.tex
[16:10:03] Build root file /home/leon/Leons Dokumente/HPI/18_WiSe/BP/Bachelorarbeit/Bachelorarbeit/main.tex
[16:10:03] Recipe step 1: latexmk, -synctex=1,-interaction=nonstopmode,-file-line-error,-pdf,-outdir=/home/leon/Leons Dokumente/HPI/18_WiSe/BP/Bachelorarbeit/Bachelorarbeit,/home/leon/Leons Dokumente/HPI/18_WiSe/BP/Bachelorarbeit/Bachelorarbeit/main
[16:10:03] LaTeX build process spawned. PID: 24474.
[16:10:03] Recipe of length 1 finished. PID: 24474.
[16:10:03] Successfully built /home/leon/Leons Dokumente/HPI/18_WiSe/BP/Bachelorarbeit/Bachelorarbeit/main.tex.
[16:10:03] Parsing /home/leon/Leons Dokumente/HPI/18_WiSe/BP/Bachelorarbeit/Bachelorarbeit/Inhalt/05_Serialisierung.tex
[16:10:03] File watcher: responding to change in /home/leon/Leons Dokumente/HPI/18_WiSe/BP/Bachelorarbeit/Bachelorarbeit/Inhalt/05_Serialisierung.tex
[16:10:03] Auto Build Run is temporarily disabled during a second.
[16:10:04] Parsing /home/leon/Leons Dokumente/HPI/18_WiSe/BP/Bachelorarbeit/Bachelorarbeit/Inhalt/05_Serialisierung.tex
[16:10:04] File watcher: responding to change in /home/leon/Leons Dokumente/HPI/18_WiSe/BP/Bachelorarbeit/Bachelorarbeit/Inhalt/05_Serialisierung.tex
[16:10:04] Auto Build Run is temporarily disabled during a second.
[16:10:04] Parsing /home/leon/Leons Dokumente/HPI/18_WiSe/BP/Bachelorarbeit/Bachelorarbeit/Inhalt/05_Serialisierung.tex
[16:10:04] File watcher: responding to change in /home/leon/Leons Dokumente/HPI/18_WiSe/BP/Bachelorarbeit/Bachelorarbeit/Inhalt/05_Serialisierung.tex
[16:10:04] /home/leon/Leons Dokumente/HPI/18_WiSe/BP/Bachelorarbeit/Bachelorarbeit/Inhalt/05_Serialisierung.tex changed. Auto build project.
[16:10:04] BUILD command invoked.
[16:10:04] Building root file: /home/leon/Leons Dokumente/HPI/18_WiSe/BP/Bachelorarbeit/Bachelorarbeit/main.tex
[16:10:04] Build root file /home/leon/Leons Dokumente/HPI/18_WiSe/BP/Bachelorarbeit/Bachelorarbeit/main.tex
[16:10:04] Recipe step 1: latexmk, -synctex=1,-interaction=nonstopmode,-file-line-error,-pdf,-outdir=/home/leon/Leons Dokumente/HPI/18_WiSe/BP/Bachelorarbeit/Bachelorarbeit,/home/leon/Leons Dokumente/HPI/18_WiSe/BP/Bachelorarbeit/Bachelorarbeit/main
[16:10:04] LaTeX build process spawned. PID: 24494.
[16:10:04] Recipe of length 1 finished. PID: 24494.
[16:10:04] Successfully built /home/leon/Leons Dokumente/HPI/18_WiSe/BP/Bachelorarbeit/Bachelorarbeit/main.tex.
[16:10:42] RECIPES command invoked.
[16:10:42] BUILD command invoked.
[16:10:42] Try root file in root directory: /home/leon/Leons Dokumente/HPI/18_WiSe/BP/Bachelorarbeit/Outline/outline.tex
[16:10:42] Parsing /home/leon/Leons Dokumente/HPI/18_WiSe/BP/Bachelorarbeit/Outline/outline.tex
[16:10:42] Parsing /home/leon/Leons Dokumente/HPI/18_WiSe/BP/Bachelorarbeit/Outline/outline.fls to compute dependencies
[16:10:42] Try root file in root directory: /home/leon/Leons Dokumente/HPI/18_WiSe/BP/Bachelorarbeit/Bachelorarbeit/main.tex
[16:10:42] Parsing /home/leon/Leons Dokumente/HPI/18_WiSe/BP/Bachelorarbeit/Bachelorarbeit/main.tex
[16:10:42] Parsing /home/leon/Leons Dokumente/HPI/18_WiSe/BP/Bachelorarbeit/Bachelorarbeit/main.fls to compute dependencies
[16:10:42] Found root file in root directory: /home/leon/Leons Dokumente/HPI/18_WiSe/BP/Bachelorarbeit/Bachelorarbeit/main.tex
[16:10:42] Root file remains unchanged from: /home/leon/Leons Dokumente/HPI/18_WiSe/BP/Bachelorarbeit/Bachelorarbeit/main.tex.
[16:10:42] Building root file: /home/leon/Leons Dokumente/HPI/18_WiSe/BP/Bachelorarbeit/Bachelorarbeit/main.tex
[16:10:42] Build root file /home/leon/Leons Dokumente/HPI/18_WiSe/BP/Bachelorarbeit/Bachelorarbeit/main.tex
[16:10:42] Recipe step 1: latexmk, -synctex=1,-interaction=nonstopmode,-file-line-error,-pdf,-outdir=/home/leon/Leons Dokumente/HPI/18_WiSe/BP/Bachelorarbeit/Bachelorarbeit,/home/leon/Leons Dokumente/HPI/18_WiSe/BP/Bachelorarbeit/Bachelorarbeit/main
[16:10:43] LaTeX build process spawned. PID: 25510.
[16:10:43] Recipe of length 1 finished. PID: 25510.
[16:10:43] Successfully built /home/leon/Leons Dokumente/HPI/18_WiSe/BP/Bachelorarbeit/Bachelorarbeit/main.tex.
[16:10:44] RECIPES command invoked.
[16:10:44] BUILD command invoked.
[16:10:44] Try root file in root directory: /home/leon/Leons Dokumente/HPI/18_WiSe/BP/Bachelorarbeit/Bachelorarbeit/main.tex
[16:10:44] Parsing /home/leon/Leons Dokumente/HPI/18_WiSe/BP/Bachelorarbeit/Bachelorarbeit/main.tex
[16:10:44] Parsing /home/leon/Leons Dokumente/HPI/18_WiSe/BP/Bachelorarbeit/Bachelorarbeit/main.fls to compute dependencies
[16:10:44] Found root file in root directory: /home/leon/Leons Dokumente/HPI/18_WiSe/BP/Bachelorarbeit/Bachelorarbeit/main.tex
[16:10:44] Root file remains unchanged from: /home/leon/Leons Dokumente/HPI/18_WiSe/BP/Bachelorarbeit/Bachelorarbeit/main.tex.
[16:10:44] Building root file: /home/leon/Leons Dokumente/HPI/18_WiSe/BP/Bachelorarbeit/Bachelorarbeit/main.tex
[16:10:44] Build root file /home/leon/Leons Dokumente/HPI/18_WiSe/BP/Bachelorarbeit/Bachelorarbeit/main.tex
[16:10:44] Recipe step 1: latexmk, -synctex=1,-interaction=nonstopmode,-file-line-error,-pdf,-outdir=/home/leon/Leons Dokumente/HPI/18_WiSe/BP/Bachelorarbeit/Bachelorarbeit,/home/leon/Leons Dokumente/HPI/18_WiSe/BP/Bachelorarbeit/Bachelorarbeit/main
[16:10:44] LaTeX build process spawned. PID: 25541.
[16:10:44] RECIPES command invoked.
[16:10:44] BUILD command invoked.
[16:10:44] Try root file in root directory: /home/leon/Leons Dokumente/HPI/18_WiSe/BP/Bachelorarbeit/Bachelorarbeit/main.tex
[16:10:44] Parsing /home/leon/Leons Dokumente/HPI/18_WiSe/BP/Bachelorarbeit/Bachelorarbeit/main.tex
[16:10:44] Parsing /home/leon/Leons Dokumente/HPI/18_WiSe/BP/Bachelorarbeit/Bachelorarbeit/main.fls to compute dependencies
[16:10:44] Found root file in root directory: /home/leon/Leons Dokumente/HPI/18_WiSe/BP/Bachelorarbeit/Bachelorarbeit/main.tex
[16:10:44] Root file remains unchanged from: /home/leon/Leons Dokumente/HPI/18_WiSe/BP/Bachelorarbeit/Bachelorarbeit/main.tex.
[16:10:44] Building root file: /home/leon/Leons Dokumente/HPI/18_WiSe/BP/Bachelorarbeit/Bachelorarbeit/main.tex
[16:10:44] Recipe of length 1 finished. PID: 25541.
[16:10:44] Successfully built /home/leon/Leons Dokumente/HPI/18_WiSe/BP/Bachelorarbeit/Bachelorarbeit/main.tex.
[16:10:44] Build root file /home/leon/Leons Dokumente/HPI/18_WiSe/BP/Bachelorarbeit/Bachelorarbeit/main.tex
[16:10:44] Recipe step 1: latexmk, -synctex=1,-interaction=nonstopmode,-file-line-error,-pdf,-outdir=/home/leon/Leons Dokumente/HPI/18_WiSe/BP/Bachelorarbeit/Bachelorarbeit,/home/leon/Leons Dokumente/HPI/18_WiSe/BP/Bachelorarbeit/Bachelorarbeit/main
[16:10:44] LaTeX build process spawned. PID: 25555.
[16:10:44] Recipe of length 1 finished. PID: 25555.
[16:10:44] Successfully built /home/leon/Leons Dokumente/HPI/18_WiSe/BP/Bachelorarbeit/Bachelorarbeit/main.tex.
[16:10:45] RECIPES command invoked.
[16:10:45] BUILD command invoked.
[16:10:45] Try root file in root directory: /home/leon/Leons Dokumente/HPI/18_WiSe/BP/Bachelorarbeit/Bachelorarbeit/main.tex
[16:10:45] Parsing /home/leon/Leons Dokumente/HPI/18_WiSe/BP/Bachelorarbeit/Bachelorarbeit/main.tex
[16:10:45] Parsing /home/leon/Leons Dokumente/HPI/18_WiSe/BP/Bachelorarbeit/Bachelorarbeit/main.fls to compute dependencies
[16:10:45] Found root file in root directory: /home/leon/Leons Dokumente/HPI/18_WiSe/BP/Bachelorarbeit/Bachelorarbeit/main.tex
[16:10:45] Root file remains unchanged from: /home/leon/Leons Dokumente/HPI/18_WiSe/BP/Bachelorarbeit/Bachelorarbeit/main.tex.
[16:10:45] Building root file: /home/leon/Leons Dokumente/HPI/18_WiSe/BP/Bachelorarbeit/Bachelorarbeit/main.tex
[16:10:45] Build root file /home/leon/Leons Dokumente/HPI/18_WiSe/BP/Bachelorarbeit/Bachelorarbeit/main.tex
[16:10:45] Recipe step 1: latexmk, -synctex=1,-interaction=nonstopmode,-file-line-error,-pdf,-outdir=/home/leon/Leons Dokumente/HPI/18_WiSe/BP/Bachelorarbeit/Bachelorarbeit,/home/leon/Leons Dokumente/HPI/18_WiSe/BP/Bachelorarbeit/Bachelorarbeit/main
[16:10:45] LaTeX build process spawned. PID: 25585.
[16:10:45] RECIPES command invoked.
[16:10:45] BUILD command invoked.
[16:10:45] Try root file in root directory: /home/leon/Leons Dokumente/HPI/18_WiSe/BP/Bachelorarbeit/Outline/outline.tex
[16:10:45] Parsing /home/leon/Leons Dokumente/HPI/18_WiSe/BP/Bachelorarbeit/Outline/outline.tex
[16:10:45] Parsing /home/leon/Leons Dokumente/HPI/18_WiSe/BP/Bachelorarbeit/Outline/outline.fls to compute dependencies
[16:10:45] Try root file in root directory: /home/leon/Leons Dokumente/HPI/18_WiSe/BP/Bachelorarbeit/Bachelorarbeit/main.tex
[16:10:45] Parsing /home/leon/Leons Dokumente/HPI/18_WiSe/BP/Bachelorarbeit/Bachelorarbeit/main.tex
[16:10:45] Parsing /home/leon/Leons Dokumente/HPI/18_WiSe/BP/Bachelorarbeit/Bachelorarbeit/main.fls to compute dependencies
[16:10:45] Found root file in root directory: /home/leon/Leons Dokumente/HPI/18_WiSe/BP/Bachelorarbeit/Bachelorarbeit/main.tex
[16:10:45] Root file remains unchanged from: /home/leon/Leons Dokumente/HPI/18_WiSe/BP/Bachelorarbeit/Bachelorarbeit/main.tex.
[16:10:45] Building root file: /home/leon/Leons Dokumente/HPI/18_WiSe/BP/Bachelorarbeit/Bachelorarbeit/main.tex
[16:10:45] Recipe of length 1 finished. PID: 25585.
[16:10:45] Successfully built /home/leon/Leons Dokumente/HPI/18_WiSe/BP/Bachelorarbeit/Bachelorarbeit/main.tex.
[16:10:45] Build root file /home/leon/Leons Dokumente/HPI/18_WiSe/BP/Bachelorarbeit/Bachelorarbeit/main.tex
[16:10:45] Recipe step 1: latexmk, -synctex=1,-interaction=nonstopmode,-file-line-error,-pdf,-outdir=/home/leon/Leons Dokumente/HPI/18_WiSe/BP/Bachelorarbeit/Bachelorarbeit,/home/leon/Leons Dokumente/HPI/18_WiSe/BP/Bachelorarbeit/Bachelorarbeit/main
[16:10:45] LaTeX build process spawned. PID: 25597.
[16:10:45] Recipe of length 1 finished. PID: 25597.
[16:10:45] Successfully built /home/leon/Leons Dokumente/HPI/18_WiSe/BP/Bachelorarbeit/Bachelorarbeit/main.tex.
[16:10:46] RECIPES command invoked.
[16:10:46] BUILD command invoked.
[16:10:46] Try root file in root directory: /home/leon/Leons Dokumente/HPI/18_WiSe/BP/Bachelorarbeit/Bachelorarbeit/main.tex
[16:10:46] Parsing /home/leon/Leons Dokumente/HPI/18_WiSe/BP/Bachelorarbeit/Bachelorarbeit/main.tex
[16:10:46] Parsing /home/leon/Leons Dokumente/HPI/18_WiSe/BP/Bachelorarbeit/Bachelorarbeit/main.fls to compute dependencies
[16:10:46] Found root file in root directory: /home/leon/Leons Dokumente/HPI/18_WiSe/BP/Bachelorarbeit/Bachelorarbeit/main.tex
[16:10:46] Root file remains unchanged from: /home/leon/Leons Dokumente/HPI/18_WiSe/BP/Bachelorarbeit/Bachelorarbeit/main.tex.
[16:10:46] Building root file: /home/leon/Leons Dokumente/HPI/18_WiSe/BP/Bachelorarbeit/Bachelorarbeit/main.tex
[16:10:46] Build root file /home/leon/Leons Dokumente/HPI/18_WiSe/BP/Bachelorarbeit/Bachelorarbeit/main.tex
[16:10:46] Recipe step 1: pdflatex, -synctex=1,-interaction=nonstopmode,-file-line-error,/home/leon/Leons Dokumente/HPI/18_WiSe/BP/Bachelorarbeit/Bachelorarbeit/main
[16:10:46] LaTeX build process spawned. PID: 25646.
[16:10:46] RECIPES command invoked.
[16:10:46] BUILD command invoked.
[16:10:46] Try root file in root directory: /home/leon/Leons Dokumente/HPI/18_WiSe/BP/Bachelorarbeit/Bachelorarbeit/main.tex
[16:10:46] Parsing /home/leon/Leons Dokumente/HPI/18_WiSe/BP/Bachelorarbeit/Bachelorarbeit/main.tex
[16:10:46] Parsing /home/leon/Leons Dokumente/HPI/18_WiSe/BP/Bachelorarbeit/Bachelorarbeit/main.fls to compute dependencies
[16:10:46] Found root file in root directory: /home/leon/Leons Dokumente/HPI/18_WiSe/BP/Bachelorarbeit/Bachelorarbeit/main.tex
[16:10:46] Root file remains unchanged from: /home/leon/Leons Dokumente/HPI/18_WiSe/BP/Bachelorarbeit/Bachelorarbeit/main.tex.
[16:10:46] Building root file: /home/leon/Leons Dokumente/HPI/18_WiSe/BP/Bachelorarbeit/Bachelorarbeit/main.tex
[16:10:47] LaTeX log parsed with 14 messages.
[16:10:47] A step in recipe finished. PID: 25646.
[16:10:47] Recipe step 2: bibtex, main
[16:10:47] LaTeX build process spawned. PID: 25675.
[16:10:47] A step in recipe finished. PID: 25675.
[16:10:47] Recipe step 3: pdflatex, -synctex=1,-interaction=nonstopmode,-file-line-error,/home/leon/Leons Dokumente/HPI/18_WiSe/BP/Bachelorarbeit/Bachelorarbeit/main
[16:10:47] LaTeX build process spawned. PID: 25676.
[16:10:48] LaTeX log parsed with 12 messages.
[16:10:48] A step in recipe finished. PID: 25676.
[16:10:48] Recipe step 4: pdflatex, -synctex=1,-interaction=nonstopmode,-file-line-error,/home/leon/Leons Dokumente/HPI/18_WiSe/BP/Bachelorarbeit/Bachelorarbeit/main
[16:10:48] LaTeX build process spawned. PID: 25695.
[16:10:49] LaTeX log parsed with 12 messages.
[16:10:49] Recipe of length 4 finished. PID: 25695.
[16:10:49] Successfully built /home/leon/Leons Dokumente/HPI/18_WiSe/BP/Bachelorarbeit/Bachelorarbeit/main.tex.
[16:10:49] Refresh PDF viewer for /home/leon/Leons Dokumente/HPI/18_WiSe/BP/Bachelorarbeit/Bachelorarbeit/main.pdf
[16:10:49] Parsing /home/leon/Leons Dokumente/HPI/18_WiSe/BP/Bachelorarbeit/Bachelorarbeit/main.fls to compute dependencies
[16:10:49] Build root file /home/leon/Leons Dokumente/HPI/18_WiSe/BP/Bachelorarbeit/Bachelorarbeit/main.tex
[16:10:49] Recipe step 1: pdflatex, -synctex=1,-interaction=nonstopmode,-file-line-error,/home/leon/Leons Dokumente/HPI/18_WiSe/BP/Bachelorarbeit/Bachelorarbeit/main
[16:10:49] LaTeX build process spawned. PID: 25714.
[16:10:49] Handle data type: position
[16:10:49] Preview PDF file: /home/leon/Leons Dokumente/HPI/18_WiSe/BP/Bachelorarbeit/Bachelorarbeit/main.pdf
[16:10:49] Handle data type: loaded
[16:10:50] LaTeX log parsed with 12 messages.
[16:10:50] A step in recipe finished. PID: 25714.
[16:10:50] Recipe step 2: bibtex, main
[16:10:50] LaTeX build process spawned. PID: 25740.
[16:10:50] A step in recipe finished. PID: 25740.
[16:10:50] Recipe step 3: pdflatex, -synctex=1,-interaction=nonstopmode,-file-line-error,/home/leon/Leons Dokumente/HPI/18_WiSe/BP/Bachelorarbeit/Bachelorarbeit/main
[16:10:50] LaTeX build process spawned. PID: 25741.
[16:10:51] LaTeX log parsed with 12 messages.
[16:10:51] A step in recipe finished. PID: 25741.
[16:10:51] Recipe step 4: pdflatex, -synctex=1,-interaction=nonstopmode,-file-line-error,/home/leon/Leons Dokumente/HPI/18_WiSe/BP/Bachelorarbeit/Bachelorarbeit/main
[16:10:51] LaTeX build process spawned. PID: 25793.
[16:10:52] LaTeX log parsed with 12 messages.
[16:10:52] Recipe of length 4 finished. PID: 25793.
[16:10:52] Successfully built /home/leon/Leons Dokumente/HPI/18_WiSe/BP/Bachelorarbeit/Bachelorarbeit/main.tex.
[16:10:52] Refresh PDF viewer for /home/leon/Leons Dokumente/HPI/18_WiSe/BP/Bachelorarbeit/Bachelorarbeit/main.pdf
[16:10:52] Parsing /home/leon/Leons Dokumente/HPI/18_WiSe/BP/Bachelorarbeit/Bachelorarbeit/main.fls to compute dependencies
[16:10:52] Handle data type: position
[16:10:52] Preview PDF file: /home/leon/Leons Dokumente/HPI/18_WiSe/BP/Bachelorarbeit/Bachelorarbeit/main.pdf
[16:10:52] Handle data type: loaded
[16:11:03] Parsing /home/leon/Leons Dokumente/HPI/18_WiSe/BP/Bachelorarbeit/Bachelorarbeit/Inhalt/05_Serialisierung.tex
[16:11:03] File watcher: responding to change in /home/leon/Leons Dokumente/HPI/18_WiSe/BP/Bachelorarbeit/Bachelorarbeit/Inhalt/05_Serialisierung.tex
[16:11:03] /home/leon/Leons Dokumente/HPI/18_WiSe/BP/Bachelorarbeit/Bachelorarbeit/Inhalt/05_Serialisierung.tex changed. Auto build project.
[16:11:03] BUILD command invoked.
[16:11:03] Building root file: /home/leon/Leons Dokumente/HPI/18_WiSe/BP/Bachelorarbeit/Bachelorarbeit/main.tex
[16:11:03] Build root file /home/leon/Leons Dokumente/HPI/18_WiSe/BP/Bachelorarbeit/Bachelorarbeit/main.tex
[16:11:03] Recipe step 1: latexmk, -synctex=1,-interaction=nonstopmode,-file-line-error,-pdf,-outdir=/home/leon/Leons Dokumente/HPI/18_WiSe/BP/Bachelorarbeit/Bachelorarbeit,/home/leon/Leons Dokumente/HPI/18_WiSe/BP/Bachelorarbeit/Bachelorarbeit/main
[16:11:03] LaTeX build process spawned. PID: 26065.
[16:11:03] Recipe of length 1 finished. PID: 26065.
[16:11:03] Successfully built /home/leon/Leons Dokumente/HPI/18_WiSe/BP/Bachelorarbeit/Bachelorarbeit/main.tex.
[16:11:04] Parsing /home/leon/Leons Dokumente/HPI/18_WiSe/BP/Bachelorarbeit/Bachelorarbeit/Inhalt/05_Serialisierung.tex
[16:11:04] File watcher: responding to change in /home/leon/Leons Dokumente/HPI/18_WiSe/BP/Bachelorarbeit/Bachelorarbeit/Inhalt/05_Serialisierung.tex
[16:11:04] /home/leon/Leons Dokumente/HPI/18_WiSe/BP/Bachelorarbeit/Bachelorarbeit/Inhalt/05_Serialisierung.tex changed. Auto build project.
[16:11:04] BUILD command invoked.
[16:11:04] Building root file: /home/leon/Leons Dokumente/HPI/18_WiSe/BP/Bachelorarbeit/Bachelorarbeit/main.tex
[16:11:04] Build root file /home/leon/Leons Dokumente/HPI/18_WiSe/BP/Bachelorarbeit/Bachelorarbeit/main.tex
[16:11:04] Recipe step 1: latexmk, -synctex=1,-interaction=nonstopmode,-file-line-error,-pdf,-outdir=/home/leon/Leons Dokumente/HPI/18_WiSe/BP/Bachelorarbeit/Bachelorarbeit,/home/leon/Leons Dokumente/HPI/18_WiSe/BP/Bachelorarbeit/Bachelorarbeit/main
[16:11:04] LaTeX build process spawned. PID: 26087.
[16:11:04] Recipe of length 1 finished. PID: 26087.
[16:11:04] Successfully built /home/leon/Leons Dokumente/HPI/18_WiSe/BP/Bachelorarbeit/Bachelorarbeit/main.tex.
[16:11:04] Parsing /home/leon/Leons Dokumente/HPI/18_WiSe/BP/Bachelorarbeit/Bachelorarbeit/Inhalt/05_Serialisierung.tex
[16:11:04] File watcher: responding to change in /home/leon/Leons Dokumente/HPI/18_WiSe/BP/Bachelorarbeit/Bachelorarbeit/Inhalt/05_Serialisierung.tex
[16:11:04] Auto Build Run is temporarily disabled during a second.
[16:11:05] Parsing /home/leon/Leons Dokumente/HPI/18_WiSe/BP/Bachelorarbeit/Bachelorarbeit/Inhalt/05_Serialisierung.tex
[16:11:05] File watcher: responding to change in /home/leon/Leons Dokumente/HPI/18_WiSe/BP/Bachelorarbeit/Bachelorarbeit/Inhalt/05_Serialisierung.tex
[16:11:05] Auto Build Run is temporarily disabled during a second.
[16:12:10] CLEAN command invoked.
[16:12:10] Try root file in root directory: /home/leon/Leons Dokumente/HPI/18_WiSe/BP/Bachelorarbeit/Outline/outline.tex
[16:12:10] Parsing /home/leon/Leons Dokumente/HPI/18_WiSe/BP/Bachelorarbeit/Outline/outline.tex
[16:12:10] Parsing /home/leon/Leons Dokumente/HPI/18_WiSe/BP/Bachelorarbeit/Outline/outline.fls to compute dependencies
[16:12:10] Try root file in root directory: /home/leon/Leons Dokumente/HPI/18_WiSe/BP/Bachelorarbeit/Bachelorarbeit/main.tex
[16:12:10] Parsing /home/leon/Leons Dokumente/HPI/18_WiSe/BP/Bachelorarbeit/Bachelorarbeit/main.tex
[16:12:10] Parsing /home/leon/Leons Dokumente/HPI/18_WiSe/BP/Bachelorarbeit/Bachelorarbeit/main.fls to compute dependencies
[16:12:10] Found root file in root directory: /home/leon/Leons Dokumente/HPI/18_WiSe/BP/Bachelorarbeit/Bachelorarbeit/main.tex
[16:12:10] Root file remains unchanged from: /home/leon/Leons Dokumente/HPI/18_WiSe/BP/Bachelorarbeit/Bachelorarbeit/main.tex.
[16:12:10] Try root file in root directory: /home/leon/Leons Dokumente/HPI/18_WiSe/BP/Bachelorarbeit/Bachelorarbeit/main.tex
[16:12:10] Parsing /home/leon/Leons Dokumente/HPI/18_WiSe/BP/Bachelorarbeit/Bachelorarbeit/main.tex
[16:12:10] Parsing /home/leon/Leons Dokumente/HPI/18_WiSe/BP/Bachelorarbeit/Bachelorarbeit/main.fls to compute dependencies
[16:12:10] Found root file in root directory: /home/leon/Leons Dokumente/HPI/18_WiSe/BP/Bachelorarbeit/Bachelorarbeit/main.tex
[16:12:10] Root file remains unchanged from: /home/leon/Leons Dokumente/HPI/18_WiSe/BP/Bachelorarbeit/Bachelorarbeit/main.tex.
[16:12:10] File cleaned: /home/leon/Leons Dokumente/HPI/18_WiSe/BP/Bachelorarbeit/Bachelorarbeit/main.aux
[16:12:10] File cleaned: /home/leon/Leons Dokumente/HPI/18_WiSe/BP/Bachelorarbeit/Bachelorarbeit/main.toc
[16:12:10] File cleaned: /home/leon/Leons Dokumente/HPI/18_WiSe/BP/Bachelorarbeit/Bachelorarbeit/main.fls
[16:12:10] File cleaned: /home/leon/Leons Dokumente/HPI/18_WiSe/BP/Bachelorarbeit/Bachelorarbeit/main.bbl
[16:12:10] File cleaned: /home/leon/Leons Dokumente/HPI/18_WiSe/BP/Bachelorarbeit/Bachelorarbeit/main.fdb_latexmk
[16:12:10] File cleaned: /home/leon/Leons Dokumente/HPI/18_WiSe/BP/Bachelorarbeit/Bachelorarbeit/main.blg
[16:12:10] File cleaned: /home/leon/Leons Dokumente/HPI/18_WiSe/BP/Bachelorarbeit/Bachelorarbeit/main.out
[16:12:10] File cleaned: /home/leon/Leons Dokumente/HPI/18_WiSe/BP/Bachelorarbeit/Bachelorarbeit/main.log
[16:12:10] CLEAN command invoked.
[16:12:10] Try root file in root directory: /home/leon/Leons Dokumente/HPI/18_WiSe/BP/Bachelorarbeit/Bachelorarbeit/main.tex
[16:12:10] Parsing /home/leon/Leons Dokumente/HPI/18_WiSe/BP/Bachelorarbeit/Bachelorarbeit/main.tex
[16:12:10] Cannot find file /home/leon/Leons Dokumente/HPI/18_WiSe/BP/Bachelorarbeit/Bachelorarbeit/main.fls
[16:12:10] Found root file in root directory: /home/leon/Leons Dokumente/HPI/18_WiSe/BP/Bachelorarbeit/Bachelorarbeit/main.tex
[16:12:10] Root file remains unchanged from: /home/leon/Leons Dokumente/HPI/18_WiSe/BP/Bachelorarbeit/Bachelorarbeit/main.tex.
[16:12:10] Try root file in root directory: /home/leon/Leons Dokumente/HPI/18_WiSe/BP/Bachelorarbeit/Bachelorarbeit/main.tex
[16:12:10] Parsing /home/leon/Leons Dokumente/HPI/18_WiSe/BP/Bachelorarbeit/Bachelorarbeit/main.tex
[16:12:10] Cannot find file /home/leon/Leons Dokumente/HPI/18_WiSe/BP/Bachelorarbeit/Bachelorarbeit/main.fls
[16:12:10] Found root file in root directory: /home/leon/Leons Dokumente/HPI/18_WiSe/BP/Bachelorarbeit/Bachelorarbeit/main.tex
[16:12:10] Root file remains unchanged from: /home/leon/Leons Dokumente/HPI/18_WiSe/BP/Bachelorarbeit/Bachelorarbeit/main.tex.
[16:12:13] CLEAN command invoked.
[16:12:13] Try root file in root directory: /home/leon/Leons Dokumente/HPI/18_WiSe/BP/Bachelorarbeit/Bachelorarbeit/main.tex
[16:12:13] Parsing /home/leon/Leons Dokumente/HPI/18_WiSe/BP/Bachelorarbeit/Bachelorarbeit/main.tex
[16:12:13] Cannot find file /home/leon/Leons Dokumente/HPI/18_WiSe/BP/Bachelorarbeit/Bachelorarbeit/main.fls
[16:12:13] Found root file in root directory: /home/leon/Leons Dokumente/HPI/18_WiSe/BP/Bachelorarbeit/Bachelorarbeit/main.tex
[16:12:13] Root file remains unchanged from: /home/leon/Leons Dokumente/HPI/18_WiSe/BP/Bachelorarbeit/Bachelorarbeit/main.tex.
[16:12:13] Try root file in root directory: /home/leon/Leons Dokumente/HPI/18_WiSe/BP/Bachelorarbeit/Bachelorarbeit/main.tex
[16:12:13] Parsing /home/leon/Leons Dokumente/HPI/18_WiSe/BP/Bachelorarbeit/Bachelorarbeit/main.tex
[16:12:13] Cannot find file /home/leon/Leons Dokumente/HPI/18_WiSe/BP/Bachelorarbeit/Bachelorarbeit/main.fls
[16:12:13] Found root file in root directory: /home/leon/Leons Dokumente/HPI/18_WiSe/BP/Bachelorarbeit/Bachelorarbeit/main.tex
[16:12:13] Root file remains unchanged from: /home/leon/Leons Dokumente/HPI/18_WiSe/BP/Bachelorarbeit/Bachelorarbeit/main.tex.
[16:12:13] CLEAN command invoked.
[16:12:13] Try root file in root directory: /home/leon/Leons Dokumente/HPI/18_WiSe/BP/Bachelorarbeit/Bachelorarbeit/main.tex
[16:12:13] Parsing /home/leon/Leons Dokumente/HPI/18_WiSe/BP/Bachelorarbeit/Bachelorarbeit/main.tex
[16:12:13] Cannot find file /home/leon/Leons Dokumente/HPI/18_WiSe/BP/Bachelorarbeit/Bachelorarbeit/main.fls
[16:12:13] Found root file in root directory: /home/leon/Leons Dokumente/HPI/18_WiSe/BP/Bachelorarbeit/Bachelorarbeit/main.tex
[16:12:13] Root file remains unchanged from: /home/leon/Leons Dokumente/HPI/18_WiSe/BP/Bachelorarbeit/Bachelorarbeit/main.tex.
[16:12:13] Try root file in root directory: /home/leon/Leons Dokumente/HPI/18_WiSe/BP/Bachelorarbeit/Outline/outline.tex
[16:12:13] Parsing /home/leon/Leons Dokumente/HPI/18_WiSe/BP/Bachelorarbeit/Outline/outline.tex
[16:12:13] Parsing /home/leon/Leons Dokumente/HPI/18_WiSe/BP/Bachelorarbeit/Outline/outline.fls to compute dependencies
[16:12:13] Try root file in root directory: /home/leon/Leons Dokumente/HPI/18_WiSe/BP/Bachelorarbeit/Bachelorarbeit/main.tex
[16:12:13] Parsing /home/leon/Leons Dokumente/HPI/18_WiSe/BP/Bachelorarbeit/Bachelorarbeit/main.tex
[16:12:13] Cannot find file /home/leon/Leons Dokumente/HPI/18_WiSe/BP/Bachelorarbeit/Bachelorarbeit/main.fls
[16:12:13] Found root file in root directory: /home/leon/Leons Dokumente/HPI/18_WiSe/BP/Bachelorarbeit/Bachelorarbeit/main.tex
[16:12:13] Root file remains unchanged from: /home/leon/Leons Dokumente/HPI/18_WiSe/BP/Bachelorarbeit/Bachelorarbeit/main.tex.
[16:12:14] KILL command invoked.
[16:12:14] LaTeX build process to kill is not found.
[16:12:15] RECIPES command invoked.
[16:12:15] BUILD command invoked.
[16:12:15] Try root file in root directory: /home/leon/Leons Dokumente/HPI/18_WiSe/BP/Bachelorarbeit/Outline/outline.tex
[16:12:15] Parsing /home/leon/Leons Dokumente/HPI/18_WiSe/BP/Bachelorarbeit/Outline/outline.tex
[16:12:15] Parsing /home/leon/Leons Dokumente/HPI/18_WiSe/BP/Bachelorarbeit/Outline/outline.fls to compute dependencies
[16:12:15] Try root file in root directory: /home/leon/Leons Dokumente/HPI/18_WiSe/BP/Bachelorarbeit/Bachelorarbeit/main.tex
[16:12:15] Parsing /home/leon/Leons Dokumente/HPI/18_WiSe/BP/Bachelorarbeit/Bachelorarbeit/main.tex
[16:12:15] Cannot find file /home/leon/Leons Dokumente/HPI/18_WiSe/BP/Bachelorarbeit/Bachelorarbeit/main.fls
[16:12:15] Found root file in root directory: /home/leon/Leons Dokumente/HPI/18_WiSe/BP/Bachelorarbeit/Bachelorarbeit/main.tex
[16:12:15] Root file remains unchanged from: /home/leon/Leons Dokumente/HPI/18_WiSe/BP/Bachelorarbeit/Bachelorarbeit/main.tex.
[16:12:15] Building root file: /home/leon/Leons Dokumente/HPI/18_WiSe/BP/Bachelorarbeit/Bachelorarbeit/main.tex
[16:12:15] Build root file /home/leon/Leons Dokumente/HPI/18_WiSe/BP/Bachelorarbeit/Bachelorarbeit/main.tex
[16:12:15] Recipe step 1: latexmk, -synctex=1,-interaction=nonstopmode,-file-line-error,-pdf,-outdir=/home/leon/Leons Dokumente/HPI/18_WiSe/BP/Bachelorarbeit/Bachelorarbeit,/home/leon/Leons Dokumente/HPI/18_WiSe/BP/Bachelorarbeit/Bachelorarbeit/main
[16:12:15] LaTeX build process spawned. PID: 27946.
[16:12:19] LaTeX log parsed with 12 messages.
[16:12:19] Recipe of length 1 finished. PID: 27946.
[16:12:19] Successfully built /home/leon/Leons Dokumente/HPI/18_WiSe/BP/Bachelorarbeit/Bachelorarbeit/main.tex.
[16:12:19] Refresh PDF viewer for /home/leon/Leons Dokumente/HPI/18_WiSe/BP/Bachelorarbeit/Bachelorarbeit/main.pdf
[16:12:19] Parsing /home/leon/Leons Dokumente/HPI/18_WiSe/BP/Bachelorarbeit/Bachelorarbeit/main.fls to compute dependencies
[16:12:19] Parsing /home/leon/Leons Dokumente/HPI/18_WiSe/BP/Bachelorarbeit/Bachelorarbeit/smalltalkEnv.tex
[16:12:19] Adding /home/leon/Leons Dokumente/HPI/18_WiSe/BP/Bachelorarbeit/Bachelorarbeit/Ressourcen/filetree/Playground.package/MyClass.class/instance/myInstanceMethod.st to file watcher.
[16:12:19] Found .bib file /home/leon/Leons Dokumente/HPI/18_WiSe/BP/Bachelorarbeit/Bachelorarbeit/Bibliographie.bib
[16:12:19] .bib file /home/leon/Leons Dokumente/HPI/18_WiSe/BP/Bachelorarbeit/Bachelorarbeit/Bibliographie.bib is already being watched.
[16:12:19] Handle data type: position
[16:12:19] Preview PDF file: /home/leon/Leons Dokumente/HPI/18_WiSe/BP/Bachelorarbeit/Bachelorarbeit/main.pdf
[16:12:19] Handle data type: loaded
[16:12:24] Parsing /home/leon/Leons Dokumente/HPI/18_WiSe/BP/Bachelorarbeit/Bachelorarbeit/Inhalt/05_Serialisierung.tex
[16:12:24] File watcher: responding to change in /home/leon/Leons Dokumente/HPI/18_WiSe/BP/Bachelorarbeit/Bachelorarbeit/Inhalt/05_Serialisierung.tex
[16:12:24] /home/leon/Leons Dokumente/HPI/18_WiSe/BP/Bachelorarbeit/Bachelorarbeit/Inhalt/05_Serialisierung.tex changed. Auto build project.
[16:12:24] BUILD command invoked.
[16:12:24] Building root file: /home/leon/Leons Dokumente/HPI/18_WiSe/BP/Bachelorarbeit/Bachelorarbeit/main.tex
[16:12:24] Build root file /home/leon/Leons Dokumente/HPI/18_WiSe/BP/Bachelorarbeit/Bachelorarbeit/main.tex
[16:12:24] Recipe step 1: latexmk, -synctex=1,-interaction=nonstopmode,-file-line-error,-pdf,-outdir=/home/leon/Leons Dokumente/HPI/18_WiSe/BP/Bachelorarbeit/Bachelorarbeit,/home/leon/Leons Dokumente/HPI/18_WiSe/BP/Bachelorarbeit/Bachelorarbeit/main
[16:12:24] LaTeX build process spawned. PID: 28195.
[16:12:25] LaTeX log parsed with 12 messages.
[16:12:25] Recipe of length 1 finished. PID: 28195.
[16:12:25] Successfully built /home/leon/Leons Dokumente/HPI/18_WiSe/BP/Bachelorarbeit/Bachelorarbeit/main.tex.
[16:12:25] Refresh PDF viewer for /home/leon/Leons Dokumente/HPI/18_WiSe/BP/Bachelorarbeit/Bachelorarbeit/main.pdf
[16:12:25] Parsing /home/leon/Leons Dokumente/HPI/18_WiSe/BP/Bachelorarbeit/Bachelorarbeit/main.fls to compute dependencies
[16:12:25] Found .bib file /home/leon/Leons Dokumente/HPI/18_WiSe/BP/Bachelorarbeit/Bachelorarbeit/Bibliographie.bib
[16:12:25] .bib file /home/leon/Leons Dokumente/HPI/18_WiSe/BP/Bachelorarbeit/Bachelorarbeit/Bibliographie.bib is already being watched.
[16:12:25] Handle data type: position
[16:12:25] Preview PDF file: /home/leon/Leons Dokumente/HPI/18_WiSe/BP/Bachelorarbeit/Bachelorarbeit/main.pdf
[16:12:25] Handle data type: loaded
[16:12:53] Parsing /home/leon/Leons Dokumente/HPI/18_WiSe/BP/Bachelorarbeit/Bachelorarbeit/Inhalt/05_Serialisierung.tex
[16:12:53] File watcher: responding to change in /home/leon/Leons Dokumente/HPI/18_WiSe/BP/Bachelorarbeit/Bachelorarbeit/Inhalt/05_Serialisierung.tex
[16:12:53] /home/leon/Leons Dokumente/HPI/18_WiSe/BP/Bachelorarbeit/Bachelorarbeit/Inhalt/05_Serialisierung.tex changed. Auto build project.
[16:12:53] BUILD command invoked.
[16:12:53] Building root file: /home/leon/Leons Dokumente/HPI/18_WiSe/BP/Bachelorarbeit/Bachelorarbeit/main.tex
[16:12:53] Build root file /home/leon/Leons Dokumente/HPI/18_WiSe/BP/Bachelorarbeit/Bachelorarbeit/main.tex
[16:12:53] Recipe step 1: latexmk, -synctex=1,-interaction=nonstopmode,-file-line-error,-pdf,-outdir=/home/leon/Leons Dokumente/HPI/18_WiSe/BP/Bachelorarbeit/Bachelorarbeit,/home/leon/Leons Dokumente/HPI/18_WiSe/BP/Bachelorarbeit/Bachelorarbeit/main
[16:12:53] LaTeX build process spawned. PID: 28898.
[16:12:54] LaTeX log parsed with 12 messages.
[16:12:54] Recipe of length 1 finished. PID: 28898.
[16:12:54] Successfully built /home/leon/Leons Dokumente/HPI/18_WiSe/BP/Bachelorarbeit/Bachelorarbeit/main.tex.
[16:12:54] Refresh PDF viewer for /home/leon/Leons Dokumente/HPI/18_WiSe/BP/Bachelorarbeit/Bachelorarbeit/main.pdf
[16:12:54] Parsing /home/leon/Leons Dokumente/HPI/18_WiSe/BP/Bachelorarbeit/Bachelorarbeit/main.fls to compute dependencies
[16:12:54] Found .bib file /home/leon/Leons Dokumente/HPI/18_WiSe/BP/Bachelorarbeit/Bachelorarbeit/Bibliographie.bib
[16:12:54] .bib file /home/leon/Leons Dokumente/HPI/18_WiSe/BP/Bachelorarbeit/Bachelorarbeit/Bibliographie.bib is already being watched.
[16:12:54] Handle data type: position
[16:12:54] Preview PDF file: /home/leon/Leons Dokumente/HPI/18_WiSe/BP/Bachelorarbeit/Bachelorarbeit/main.pdf
[16:12:54] Handle data type: loaded
[16:16:47] Parsing /home/leon/Leons Dokumente/HPI/18_WiSe/BP/Bachelorarbeit/Bachelorarbeit/Inhalt/05_Serialisierung.tex
[16:16:47] File watcher: responding to change in /home/leon/Leons Dokumente/HPI/18_WiSe/BP/Bachelorarbeit/Bachelorarbeit/Inhalt/05_Serialisierung.tex
[16:16:47] /home/leon/Leons Dokumente/HPI/18_WiSe/BP/Bachelorarbeit/Bachelorarbeit/Inhalt/05_Serialisierung.tex changed. Auto build project.
[16:16:47] BUILD command invoked.
[16:16:47] Building root file: /home/leon/Leons Dokumente/HPI/18_WiSe/BP/Bachelorarbeit/Bachelorarbeit/main.tex
[16:16:47] Build root file /home/leon/Leons Dokumente/HPI/18_WiSe/BP/Bachelorarbeit/Bachelorarbeit/main.tex
[16:16:47] Recipe step 1: latexmk, -synctex=1,-interaction=nonstopmode,-file-line-error,-pdf,-outdir=/home/leon/Leons Dokumente/HPI/18_WiSe/BP/Bachelorarbeit/Bachelorarbeit,/home/leon/Leons Dokumente/HPI/18_WiSe/BP/Bachelorarbeit/Bachelorarbeit/main
[16:16:47] LaTeX build process spawned. PID: 2205.
[16:16:48] LaTeX log parsed with 13 messages.
[16:16:48] Recipe of length 1 finished. PID: 2205.
[16:16:48] Successfully built /home/leon/Leons Dokumente/HPI/18_WiSe/BP/Bachelorarbeit/Bachelorarbeit/main.tex.
[16:16:48] Refresh PDF viewer for /home/leon/Leons Dokumente/HPI/18_WiSe/BP/Bachelorarbeit/Bachelorarbeit/main.pdf
[16:16:48] Parsing /home/leon/Leons Dokumente/HPI/18_WiSe/BP/Bachelorarbeit/Bachelorarbeit/main.fls to compute dependencies
[16:16:48] Found .bib file /home/leon/Leons Dokumente/HPI/18_WiSe/BP/Bachelorarbeit/Bachelorarbeit/Bibliographie.bib
[16:16:48] .bib file /home/leon/Leons Dokumente/HPI/18_WiSe/BP/Bachelorarbeit/Bachelorarbeit/Bibliographie.bib is already being watched.
[16:16:48] Handle data type: position
[16:16:48] Preview PDF file: /home/leon/Leons Dokumente/HPI/18_WiSe/BP/Bachelorarbeit/Bachelorarbeit/main.pdf
[16:16:48] Handle data type: loaded
[16:29:07] Parsing /home/leon/Leons Dokumente/HPI/18_WiSe/BP/Bachelorarbeit/Bachelorarbeit/Inhalt/05_Serialisierung.tex
[16:29:07] File watcher: responding to change in /home/leon/Leons Dokumente/HPI/18_WiSe/BP/Bachelorarbeit/Bachelorarbeit/Inhalt/05_Serialisierung.tex
[16:29:07] /home/leon/Leons Dokumente/HPI/18_WiSe/BP/Bachelorarbeit/Bachelorarbeit/Inhalt/05_Serialisierung.tex changed. Auto build project.
[16:29:07] BUILD command invoked.
[16:29:07] Building root file: /home/leon/Leons Dokumente/HPI/18_WiSe/BP/Bachelorarbeit/Bachelorarbeit/main.tex
[16:29:07] Build root file /home/leon/Leons Dokumente/HPI/18_WiSe/BP/Bachelorarbeit/Bachelorarbeit/main.tex
[16:29:07] Recipe step 1: latexmk, -synctex=1,-interaction=nonstopmode,-file-line-error,-pdf,-outdir=/home/leon/Leons Dokumente/HPI/18_WiSe/BP/Bachelorarbeit/Bachelorarbeit,/home/leon/Leons Dokumente/HPI/18_WiSe/BP/Bachelorarbeit/Bachelorarbeit/main
[16:29:07] LaTeX build process spawned. PID: 20581.
[16:29:09] LaTeX log parsed with 13 messages.
[16:29:09] Recipe of length 1 finished. PID: 20581.
[16:29:09] Successfully built /home/leon/Leons Dokumente/HPI/18_WiSe/BP/Bachelorarbeit/Bachelorarbeit/main.tex.
[16:29:09] Refresh PDF viewer for /home/leon/Leons Dokumente/HPI/18_WiSe/BP/Bachelorarbeit/Bachelorarbeit/main.pdf
[16:29:09] Parsing /home/leon/Leons Dokumente/HPI/18_WiSe/BP/Bachelorarbeit/Bachelorarbeit/main.fls to compute dependencies
[16:29:09] Found .bib file /home/leon/Leons Dokumente/HPI/18_WiSe/BP/Bachelorarbeit/Bachelorarbeit/Bibliographie.bib
[16:29:09] .bib file /home/leon/Leons Dokumente/HPI/18_WiSe/BP/Bachelorarbeit/Bachelorarbeit/Bibliographie.bib is already being watched.
[16:29:09] Handle data type: position
[16:29:09] Preview PDF file: /home/leon/Leons Dokumente/HPI/18_WiSe/BP/Bachelorarbeit/Bachelorarbeit/main.pdf
[16:29:09] Handle data type: loaded
[17:17:57] Parsing /home/leon/Leons Dokumente/HPI/18_WiSe/BP/Bachelorarbeit/Bachelorarbeit/Inhalt/05_Serialisierung.tex
[17:17:57] File watcher: responding to change in /home/leon/Leons Dokumente/HPI/18_WiSe/BP/Bachelorarbeit/Bachelorarbeit/Inhalt/05_Serialisierung.tex
[17:17:57] /home/leon/Leons Dokumente/HPI/18_WiSe/BP/Bachelorarbeit/Bachelorarbeit/Inhalt/05_Serialisierung.tex changed. Auto build project.
[17:17:57] BUILD command invoked.
[17:17:57] Building root file: /home/leon/Leons Dokumente/HPI/18_WiSe/BP/Bachelorarbeit/Bachelorarbeit/main.tex
[17:17:57] Build root file /home/leon/Leons Dokumente/HPI/18_WiSe/BP/Bachelorarbeit/Bachelorarbeit/main.tex
[17:17:57] Recipe step 1: latexmk, -synctex=1,-interaction=nonstopmode,-file-line-error,-pdf,-outdir=/home/leon/Leons Dokumente/HPI/18_WiSe/BP/Bachelorarbeit/Bachelorarbeit,/home/leon/Leons Dokumente/HPI/18_WiSe/BP/Bachelorarbeit/Bachelorarbeit/main
[17:17:57] LaTeX build process spawned. PID: 25662.
[17:17:58] LaTeX log parsed with 13 messages.
[17:17:58] Recipe of length 1 finished. PID: 25662.
[17:17:58] Successfully built /home/leon/Leons Dokumente/HPI/18_WiSe/BP/Bachelorarbeit/Bachelorarbeit/main.tex.
[17:17:58] Refresh PDF viewer for /home/leon/Leons Dokumente/HPI/18_WiSe/BP/Bachelorarbeit/Bachelorarbeit/main.pdf
[17:17:58] Parsing /home/leon/Leons Dokumente/HPI/18_WiSe/BP/Bachelorarbeit/Bachelorarbeit/main.fls to compute dependencies
[17:17:58] Found .bib file /home/leon/Leons Dokumente/HPI/18_WiSe/BP/Bachelorarbeit/Bachelorarbeit/Bibliographie.bib
[17:17:58] .bib file /home/leon/Leons Dokumente/HPI/18_WiSe/BP/Bachelorarbeit/Bachelorarbeit/Bibliographie.bib is already being watched.
[17:17:58] Handle data type: position
[17:17:58] Preview PDF file: /home/leon/Leons Dokumente/HPI/18_WiSe/BP/Bachelorarbeit/Bachelorarbeit/main.pdf
[17:17:58] Handle data type: loaded
[17:25:52] Handle data type: close
