[2019-06-23 21:55:42.616] [exthost] [info] extension host started
[2019-06-23 21:55:42.634] [exthost] [info] ExtensionService#_doActivateExtension vscode.debug-auto-launch {"startup":true,"activationEvent":"*"}
[2019-06-23 21:55:42.634] [exthost] [info] ExtensionService#loadCommonJSModule /snap/code/9/usr/share/code/resources/app/extensions/debug-auto-launch/dist/extension
[2019-06-23 21:55:42.639] [exthost] [info] ExtensionService#_doActivateExtension vscode.emmet {"startup":true,"activationEvent":"*"}
[2019-06-23 21:55:42.639] [exthost] [info] ExtensionService#loadCommonJSModule /snap/code/9/usr/share/code/resources/app/extensions/emmet/dist/extension
[2019-06-23 21:55:42.654] [exthost] [info] ExtensionService#_doActivateExtension vscode.git {"startup":true,"activationEvent":"*"}
[2019-06-23 21:55:42.654] [exthost] [info] ExtensionService#loadCommonJSModule /snap/code/9/usr/share/code/resources/app/extensions/git/dist/main
[2019-06-23 21:55:42.755] [exthost] [info] ExtensionService#_doActivateExtension vscode.merge-conflict {"startup":true,"activationEvent":"*"}
[2019-06-23 21:55:42.755] [exthost] [info] ExtensionService#loadCommonJSModule /snap/code/9/usr/share/code/resources/app/extensions/merge-conflict/dist/extension
[2019-06-23 21:55:42.761] [exthost] [info] ExtensionService#_doActivateExtension streetsidesoftware.code-spell-checker {"startup":true,"activationEvent":"*"}
[2019-06-23 21:55:42.761] [exthost] [info] ExtensionService#loadCommonJSModule /home/leon/.vscode/extensions/streetsidesoftware.code-spell-checker-1.7.17/dist/extension
[2019-06-23 21:55:42.833] [exthost] [info] eager extensions activated
[2019-06-23 21:55:42.868] [exthost] [info] ExtensionService#_doActivateExtension streetsidesoftware.code-spell-checker-german {"startup":true,"activationEvent":"*"}
[2019-06-23 21:55:42.868] [exthost] [info] ExtensionService#loadCommonJSModule /home/leon/.vscode/extensions/streetsidesoftware.code-spell-checker-german-0.1.2/out/src/extension
[2019-06-23 21:55:44.476] [exthost] [info] ExtensionService#_doActivateExtension vscode.configuration-editing {"startup":false,"activationEvent":"onLanguage:json"}
[2019-06-23 21:55:44.477] [exthost] [info] ExtensionService#loadCommonJSModule /snap/code/9/usr/share/code/resources/app/extensions/configuration-editing/dist/extension
[2019-06-23 21:55:44.485] [exthost] [info] ExtensionService#_doActivateExtension vscode.extension-editing {"startup":false,"activationEvent":"onLanguage:json"}
[2019-06-23 21:55:44.485] [exthost] [info] ExtensionService#loadCommonJSModule /snap/code/9/usr/share/code/resources/app/extensions/extension-editing/dist/extension
[2019-06-23 21:55:44.531] [exthost] [info] ExtensionService#_doActivateExtension vscode.json-language-features {"startup":false,"activationEvent":"onLanguage:json"}
[2019-06-23 21:55:44.531] [exthost] [info] ExtensionService#loadCommonJSModule /snap/code/9/usr/share/code/resources/app/extensions/json-language-features/client/dist/jsonMain
[2019-06-23 21:55:44.609] [exthost] [info] ExtensionService#_doActivateExtension vscode.npm {"startup":false,"activationEvent":"onLanguage:json"}
[2019-06-23 21:55:44.609] [exthost] [info] ExtensionService#loadCommonJSModule /snap/code/9/usr/share/code/resources/app/extensions/npm/dist/main
[2019-06-23 21:55:47.769] [exthost] [info] ExtensionService#_doActivateExtension vscode.css-language-features {"startup":false,"activationEvent":"onLanguage:css"}
[2019-06-23 21:55:47.769] [exthost] [info] ExtensionService#loadCommonJSModule /snap/code/9/usr/share/code/resources/app/extensions/css-language-features/client/dist/cssMain
[2019-06-23 21:55:48.791] [exthost] [info] ExtensionService#_doActivateExtension vscode.typescript-language-features {"startup":false,"activationEvent":"onLanguage:javascript"}
[2019-06-23 21:55:48.791] [exthost] [info] ExtensionService#loadCommonJSModule /snap/code/9/usr/share/code/resources/app/extensions/typescript-language-features/dist/extension
